SF:/mnt/gustavo/tcc/tcc-opet/src-tauri/src/attachment_service.rs
FN:538,_RNCNCNvNtCscfGVhRPoqF0_12tcc_opet_lib18attachment_service26migrate_legacy_attachmentss1_00B7_
FN:558,_RNCNCNvNtCscfGVhRPoqF0_12tcc_opet_lib18attachment_service26migrate_legacy_attachmentss4_00B7_
FN:572,_RNCNCNvNtCscfGVhRPoqF0_12tcc_opet_lib18attachment_service26migrate_legacy_attachmentss4_0s0_0B7_
FN:591,_RNCNCNvNtCscfGVhRPoqF0_12tcc_opet_lib18attachment_service26migrate_legacy_attachmentss4_0s1_0B7_
FN:565,_RNCNCNvNtCscfGVhRPoqF0_12tcc_opet_lib18attachment_service26migrate_legacy_attachmentss4_0s_0B7_
FN:151,_RNCNCNvNtCscfGVhRPoqF0_12tcc_opet_lib18attachment_service26write_encrypted_attachments_00B7_
FN:163,_RNCNCNvNtCscfGVhRPoqF0_12tcc_opet_lib18attachment_service26write_encrypted_attachments_0s0_0B7_
FN:169,_RNCNCNvNtCscfGVhRPoqF0_12tcc_opet_lib18attachment_service26write_encrypted_attachments_0s1_0B7_
FN:175,_RNCNCNvNtCscfGVhRPoqF0_12tcc_opet_lib18attachment_service26write_encrypted_attachments_0s2_0B7_
FN:157,_RNCNCNvNtCscfGVhRPoqF0_12tcc_opet_lib18attachment_service26write_encrypted_attachments_0s_0B7_
FN:476,_RNCNvNtCscfGVhRPoqF0_12tcc_opet_lib18attachment_service17export_attachment0B5_
FN:115,_RNCNvNtCscfGVhRPoqF0_12tcc_opet_lib18attachment_service22read_stored_attachment0B5_
FN:103,_RNCNvNtCscfGVhRPoqF0_12tcc_opet_lib18attachment_service24decrypt_attachment_bytes0B5_
FN:64,_RNCNvNtCscfGVhRPoqF0_12tcc_opet_lib18attachment_service24encrypt_attachment_bytes0B5_
FN:190,_RNCNvNtCscfGVhRPoqF0_12tcc_opet_lib18attachment_service24validate_attachment_file0B5_
FN:208,_RNCNvNtCscfGVhRPoqF0_12tcc_opet_lib18attachment_service24validate_attachment_files_0B5_
FN:273,_RNCNvNtCscfGVhRPoqF0_12tcc_opet_lib18attachment_service25add_attachment_with_paths0B5_
FN:279,_RNCNvNtCscfGVhRPoqF0_12tcc_opet_lib18attachment_service25add_attachment_with_pathss0_0B5_
FN:278,_RNCNvNtCscfGVhRPoqF0_12tcc_opet_lib18attachment_service25add_attachment_with_pathss_0B5_
FN:22,_RNCNvNtCscfGVhRPoqF0_12tcc_opet_lib18attachment_service25validate_attachment_bytes0B5_
FN:29,_RNCNvNtCscfGVhRPoqF0_12tcc_opet_lib18attachment_service25validate_attachment_bytess0_0B5_
FN:23,_RNCNvNtCscfGVhRPoqF0_12tcc_opet_lib18attachment_service25validate_attachment_bytess_0B5_
FN:510,_RNCNvNtCscfGVhRPoqF0_12tcc_opet_lib18attachment_service26migrate_legacy_attachments0B5_
FN:527,_RNCNvNtCscfGVhRPoqF0_12tcc_opet_lib18attachment_service26migrate_legacy_attachmentss0_0B5_
FN:534,_RNCNvNtCscfGVhRPoqF0_12tcc_opet_lib18attachment_service26migrate_legacy_attachmentss1_0B5_
FN:544,_RNCNvNtCscfGVhRPoqF0_12tcc_opet_lib18attachment_service26migrate_legacy_attachmentss2_0B5_
FN:549,_RNCNvNtCscfGVhRPoqF0_12tcc_opet_lib18attachment_service26migrate_legacy_attachmentss3_0B5_
FN:557,_RNCNvNtCscfGVhRPoqF0_12tcc_opet_lib18attachment_service26migrate_legacy_attachmentss4_0B5_
FN:524,_RNCNvNtCscfGVhRPoqF0_12tcc_opet_lib18attachment_service26migrate_legacy_attachmentss_0B5_
FN:137,_RNCNvNtCscfGVhRPoqF0_12tcc_opet_lib18attachment_service26write_encrypted_attachment0B5_
FN:149,_RNCNvNtCscfGVhRPoqF0_12tcc_opet_lib18attachment_service26write_encrypted_attachments_0B5_
FN:457,_RNCNvNtCscfGVhRPoqF0_12tcc_opet_lib18attachment_service27read_attachment_as_data_url0B5_
FN:322,_RNCNvNtCscfGVhRPoqF0_12tcc_opet_lib18attachment_service28delete_attachment_with_paths0B5_
FN:339,_RNCNvNtCscfGVhRPoqF0_12tcc_opet_lib18attachment_service28delete_attachment_with_pathss0_0B5_
FN:326,_RNCNvNtCscfGVhRPoqF0_12tcc_opet_lib18attachment_service28delete_attachment_with_pathss_0B5_
FN:489,_RNCNvNtCscfGVhRPoqF0_12tcc_opet_lib18attachment_service28export_attachment_with_paths0B5_
FN:382,_RNCNvNtCscfGVhRPoqF0_12tcc_opet_lib18attachment_service30restore_staged_attachment_file0B5_
FN:399,_RNCNvNtCscfGVhRPoqF0_12tcc_opet_lib18attachment_service35recover_staged_attachment_deletions0B5_
FN:411,_RNCNvNtCscfGVhRPoqF0_12tcc_opet_lib18attachment_service35recover_staged_attachment_deletionss0_0B5_
FN:423,_RNCNvNtCscfGVhRPoqF0_12tcc_opet_lib18attachment_service35recover_staged_attachment_deletionss1_0B5_
FN:424,_RNCNvNtCscfGVhRPoqF0_12tcc_opet_lib18attachment_service35recover_staged_attachment_deletionss2_0B5_
FN:431,_RNCNvNtCscfGVhRPoqF0_12tcc_opet_lib18attachment_service35recover_staged_attachment_deletionss3_0B5_
FN:436,_RNCNvNtCscfGVhRPoqF0_12tcc_opet_lib18attachment_service35recover_staged_attachment_deletionss4_0B5_
FN:443,_RNCNvNtCscfGVhRPoqF0_12tcc_opet_lib18attachment_service35recover_staged_attachment_deletionss5_0B5_
FN:405,_RNCNvNtCscfGVhRPoqF0_12tcc_opet_lib18attachment_service35recover_staged_attachment_deletionss_0B5_
FN:38,_RNvNtCscfGVhRPoqF0_12tcc_opet_lib18attachment_service14attachment_aad
FN:310,_RNvNtCscfGVhRPoqF0_12tcc_opet_lib18attachment_service17delete_attachment
FN:473,_RNvNtCscfGVhRPoqF0_12tcc_opet_lib18attachment_service17export_attachment
FN:111,_RNvNtCscfGVhRPoqF0_12tcc_opet_lib18attachment_service22read_stored_attachment
FN:77,_RNvNtCscfGVhRPoqF0_12tcc_opet_lib18attachment_service24decrypt_attachment_bytes
FN:50,_RNvNtCscfGVhRPoqF0_12tcc_opet_lib18attachment_service24encrypt_attachment_bytes
FN:189,_RNvNtCscfGVhRPoqF0_12tcc_opet_lib18attachment_service24validate_attachment_file
FN:266,_RNvNtCscfGVhRPoqF0_12tcc_opet_lib18attachment_service25add_attachment_with_paths
FN:20,_RNvNtCscfGVhRPoqF0_12tcc_opet_lib18attachment_service25validate_attachment_bytes
FN:498,_RNvNtCscfGVhRPoqF0_12tcc_opet_lib18attachment_service26migrate_legacy_attachments
FN:132,_RNvNtCscfGVhRPoqF0_12tcc_opet_lib18attachment_service26write_encrypted_attachment
FN:454,_RNvNtCscfGVhRPoqF0_12tcc_opet_lib18attachment_service27read_attachment_as_data_url
FN:316,_RNvNtCscfGVhRPoqF0_12tcc_opet_lib18attachment_service28delete_attachment_with_paths
FN:480,_RNvNtCscfGVhRPoqF0_12tcc_opet_lib18attachment_service28export_attachment_with_paths
FN:377,_RNvNtCscfGVhRPoqF0_12tcc_opet_lib18attachment_service30restore_staged_attachment_file
FN:392,_RNvNtCscfGVhRPoqF0_12tcc_opet_lib18attachment_service35recover_staged_attachment_deletions
FN:238,_RNvNtCscfGVhRPoqF0_12tcc_opet_lib18attachment_service37add_attachments_atomically_with_paths
FN:461,_RNvNtCscfGVhRPoqF0_12tcc_opet_lib18attachment_service38read_attachment_as_data_url_with_paths
FN:661,_RNvNtNtCs2xcy2wfoTh8_12tcc_opet_lib18attachment_service5testss_43rejects_attachment_with_disguised_extension
FN:704,_RNvNtNtCs2xcy2wfoTh8_12tcc_opet_lib18attachment_service5testss_43validates_attachment_file_type_and_metadata
FN:621,_RNvNtNtCs2xcy2wfoTh8_12tcc_opet_lib18attachment_service5testss_44saves_and_removes_supported_attachment_files
FN:672,_RNvNtNtCs2xcy2wfoTh8_12tcc_opet_lib18attachment_service5testss_48encryption_rejects_invalid_or_tampered_envelopes
FN:719,_RNvNtNtCs2xcy2wfoTh8_12tcc_opet_lib18attachment_service5testss_61migrates_plaintext_legacy_attachment_to_an_encrypted_envelope
FN:538,_RNCNCNvNtCs2xcy2wfoTh8_12tcc_opet_lib18attachment_service26migrate_legacy_attachmentss1_00B7_
FN:558,_RNCNCNvNtCs2xcy2wfoTh8_12tcc_opet_lib18attachment_service26migrate_legacy_attachmentss4_00B7_
FN:572,_RNCNCNvNtCs2xcy2wfoTh8_12tcc_opet_lib18attachment_service26migrate_legacy_attachmentss4_0s0_0B7_
FN:591,_RNCNCNvNtCs2xcy2wfoTh8_12tcc_opet_lib18attachment_service26migrate_legacy_attachmentss4_0s1_0B7_
FN:565,_RNCNCNvNtCs2xcy2wfoTh8_12tcc_opet_lib18attachment_service26migrate_legacy_attachmentss4_0s_0B7_
FN:151,_RNCNCNvNtCs2xcy2wfoTh8_12tcc_opet_lib18attachment_service26write_encrypted_attachments_00B7_
FN:163,_RNCNCNvNtCs2xcy2wfoTh8_12tcc_opet_lib18attachment_service26write_encrypted_attachments_0s0_0B7_
FN:169,_RNCNCNvNtCs2xcy2wfoTh8_12tcc_opet_lib18attachment_service26write_encrypted_attachments_0s1_0B7_
FN:175,_RNCNCNvNtCs2xcy2wfoTh8_12tcc_opet_lib18attachment_service26write_encrypted_attachments_0s2_0B7_
FN:157,_RNCNCNvNtCs2xcy2wfoTh8_12tcc_opet_lib18attachment_service26write_encrypted_attachments_0s_0B7_
FN:476,_RNCNvNtCs2xcy2wfoTh8_12tcc_opet_lib18attachment_service17export_attachment0B5_
FN:115,_RNCNvNtCs2xcy2wfoTh8_12tcc_opet_lib18attachment_service22read_stored_attachment0B5_
FN:103,_RNCNvNtCs2xcy2wfoTh8_12tcc_opet_lib18attachment_service24decrypt_attachment_bytes0B5_
FN:64,_RNCNvNtCs2xcy2wfoTh8_12tcc_opet_lib18attachment_service24encrypt_attachment_bytes0B5_
FN:190,_RNCNvNtCs2xcy2wfoTh8_12tcc_opet_lib18attachment_service24validate_attachment_file0B5_
FN:208,_RNCNvNtCs2xcy2wfoTh8_12tcc_opet_lib18attachment_service24validate_attachment_files_0B5_
FN:273,_RNCNvNtCs2xcy2wfoTh8_12tcc_opet_lib18attachment_service25add_attachment_with_paths0B5_
FN:279,_RNCNvNtCs2xcy2wfoTh8_12tcc_opet_lib18attachment_service25add_attachment_with_pathss0_0B5_
FN:278,_RNCNvNtCs2xcy2wfoTh8_12tcc_opet_lib18attachment_service25add_attachment_with_pathss_0B5_
FN:22,_RNCNvNtCs2xcy2wfoTh8_12tcc_opet_lib18attachment_service25validate_attachment_bytes0B5_
FN:29,_RNCNvNtCs2xcy2wfoTh8_12tcc_opet_lib18attachment_service25validate_attachment_bytess0_0B5_
FN:23,_RNCNvNtCs2xcy2wfoTh8_12tcc_opet_lib18attachment_service25validate_attachment_bytess_0B5_
FN:510,_RNCNvNtCs2xcy2wfoTh8_12tcc_opet_lib18attachment_service26migrate_legacy_attachments0B5_
FN:527,_RNCNvNtCs2xcy2wfoTh8_12tcc_opet_lib18attachment_service26migrate_legacy_attachmentss0_0B5_
FN:534,_RNCNvNtCs2xcy2wfoTh8_12tcc_opet_lib18attachment_service26migrate_legacy_attachmentss1_0B5_
FN:544,_RNCNvNtCs2xcy2wfoTh8_12tcc_opet_lib18attachment_service26migrate_legacy_attachmentss2_0B5_
FN:549,_RNCNvNtCs2xcy2wfoTh8_12tcc_opet_lib18attachment_service26migrate_legacy_attachmentss3_0B5_
FN:557,_RNCNvNtCs2xcy2wfoTh8_12tcc_opet_lib18attachment_service26migrate_legacy_attachmentss4_0B5_
FN:524,_RNCNvNtCs2xcy2wfoTh8_12tcc_opet_lib18attachment_service26migrate_legacy_attachmentss_0B5_
FN:137,_RNCNvNtCs2xcy2wfoTh8_12tcc_opet_lib18attachment_service26write_encrypted_attachment0B5_
FN:149,_RNCNvNtCs2xcy2wfoTh8_12tcc_opet_lib18attachment_service26write_encrypted_attachments_0B5_
FN:457,_RNCNvNtCs2xcy2wfoTh8_12tcc_opet_lib18attachment_service27read_attachment_as_data_url0B5_
FN:322,_RNCNvNtCs2xcy2wfoTh8_12tcc_opet_lib18attachment_service28delete_attachment_with_paths0B5_
FN:339,_RNCNvNtCs2xcy2wfoTh8_12tcc_opet_lib18attachment_service28delete_attachment_with_pathss0_0B5_
FN:326,_RNCNvNtCs2xcy2wfoTh8_12tcc_opet_lib18attachment_service28delete_attachment_with_pathss_0B5_
FN:489,_RNCNvNtCs2xcy2wfoTh8_12tcc_opet_lib18attachment_service28export_attachment_with_paths0B5_
FN:382,_RNCNvNtCs2xcy2wfoTh8_12tcc_opet_lib18attachment_service30restore_staged_attachment_file0B5_
FN:399,_RNCNvNtCs2xcy2wfoTh8_12tcc_opet_lib18attachment_service35recover_staged_attachment_deletions0B5_
FN:411,_RNCNvNtCs2xcy2wfoTh8_12tcc_opet_lib18attachment_service35recover_staged_attachment_deletionss0_0B5_
FN:423,_RNCNvNtCs2xcy2wfoTh8_12tcc_opet_lib18attachment_service35recover_staged_attachment_deletionss1_0B5_
FN:424,_RNCNvNtCs2xcy2wfoTh8_12tcc_opet_lib18attachment_service35recover_staged_attachment_deletionss2_0B5_
FN:431,_RNCNvNtCs2xcy2wfoTh8_12tcc_opet_lib18attachment_service35recover_staged_attachment_deletionss3_0B5_
FN:436,_RNCNvNtCs2xcy2wfoTh8_12tcc_opet_lib18attachment_service35recover_staged_attachment_deletionss4_0B5_
FN:443,_RNCNvNtCs2xcy2wfoTh8_12tcc_opet_lib18attachment_service35recover_staged_attachment_deletionss5_0B5_
FN:405,_RNCNvNtCs2xcy2wfoTh8_12tcc_opet_lib18attachment_service35recover_staged_attachment_deletionss_0B5_
FN:224,_RNvNtCs2xcy2wfoTh8_12tcc_opet_lib18attachment_service14add_attachment
FN:38,_RNvNtCs2xcy2wfoTh8_12tcc_opet_lib18attachment_service14attachment_aad
FN:310,_RNvNtCs2xcy2wfoTh8_12tcc_opet_lib18attachment_service17delete_attachment
FN:473,_RNvNtCs2xcy2wfoTh8_12tcc_opet_lib18attachment_service17export_attachment
FN:111,_RNvNtCs2xcy2wfoTh8_12tcc_opet_lib18attachment_service22read_stored_attachment
FN:77,_RNvNtCs2xcy2wfoTh8_12tcc_opet_lib18attachment_service24decrypt_attachment_bytes
FN:50,_RNvNtCs2xcy2wfoTh8_12tcc_opet_lib18attachment_service24encrypt_attachment_bytes
FN:189,_RNvNtCs2xcy2wfoTh8_12tcc_opet_lib18attachment_service24validate_attachment_file
FN:266,_RNvNtCs2xcy2wfoTh8_12tcc_opet_lib18attachment_service25add_attachment_with_paths
FN:20,_RNvNtCs2xcy2wfoTh8_12tcc_opet_lib18attachment_service25validate_attachment_bytes
FN:498,_RNvNtCs2xcy2wfoTh8_12tcc_opet_lib18attachment_service26migrate_legacy_attachments
FN:132,_RNvNtCs2xcy2wfoTh8_12tcc_opet_lib18attachment_service26write_encrypted_attachment
FN:454,_RNvNtCs2xcy2wfoTh8_12tcc_opet_lib18attachment_service27read_attachment_as_data_url
FN:316,_RNvNtCs2xcy2wfoTh8_12tcc_opet_lib18attachment_service28delete_attachment_with_paths
FN:480,_RNvNtCs2xcy2wfoTh8_12tcc_opet_lib18attachment_service28export_attachment_with_paths
FN:377,_RNvNtCs2xcy2wfoTh8_12tcc_opet_lib18attachment_service30restore_staged_attachment_file
FN:392,_RNvNtCs2xcy2wfoTh8_12tcc_opet_lib18attachment_service35recover_staged_attachment_deletions
FN:238,_RNvNtCs2xcy2wfoTh8_12tcc_opet_lib18attachment_service37add_attachments_atomically_with_paths
FN:461,_RNvNtCs2xcy2wfoTh8_12tcc_opet_lib18attachment_service38read_attachment_as_data_url_with_paths
FNDA:0,_RNCNCNvNtCscfGVhRPoqF0_12tcc_opet_lib18attachment_service26migrate_legacy_attachmentss1_00B7_
FNDA:0,_RNCNCNvNtCscfGVhRPoqF0_12tcc_opet_lib18attachment_service26migrate_legacy_attachmentss4_00B7_
FNDA:0,_RNCNCNvNtCscfGVhRPoqF0_12tcc_opet_lib18attachment_service26migrate_legacy_attachmentss4_0s0_0B7_
FNDA:0,_RNCNCNvNtCscfGVhRPoqF0_12tcc_opet_lib18attachment_service26migrate_legacy_attachmentss4_0s1_0B7_
FNDA:0,_RNCNCNvNtCscfGVhRPoqF0_12tcc_opet_lib18attachment_service26migrate_legacy_attachmentss4_0s_0B7_
FNDA:0,_RNCNCNvNtCscfGVhRPoqF0_12tcc_opet_lib18attachment_service26write_encrypted_attachments_00B7_
FNDA:0,_RNCNCNvNtCscfGVhRPoqF0_12tcc_opet_lib18attachment_service26write_encrypted_attachments_0s0_0B7_
FNDA:0,_RNCNCNvNtCscfGVhRPoqF0_12tcc_opet_lib18attachment_service26write_encrypted_attachments_0s1_0B7_
FNDA:0,_RNCNCNvNtCscfGVhRPoqF0_12tcc_opet_lib18attachment_service26write_encrypted_attachments_0s2_0B7_
FNDA:0,_RNCNCNvNtCscfGVhRPoqF0_12tcc_opet_lib18attachment_service26write_encrypted_attachments_0s_0B7_
FNDA:0,_RNCNvNtCscfGVhRPoqF0_12tcc_opet_lib18attachment_service17export_attachment0B5_
FNDA:0,_RNCNvNtCscfGVhRPoqF0_12tcc_opet_lib18attachment_service22read_stored_attachment0B5_
FNDA:0,_RNCNvNtCscfGVhRPoqF0_12tcc_opet_lib18attachment_service24decrypt_attachment_bytes0B5_
FNDA:0,_RNCNvNtCscfGVhRPoqF0_12tcc_opet_lib18attachment_service24encrypt_attachment_bytes0B5_
FNDA:0,_RNCNvNtCscfGVhRPoqF0_12tcc_opet_lib18attachment_service24validate_attachment_file0B5_
FNDA:0,_RNCNvNtCscfGVhRPoqF0_12tcc_opet_lib18attachment_service24validate_attachment_files_0B5_
FNDA:0,_RNCNvNtCscfGVhRPoqF0_12tcc_opet_lib18attachment_service25add_attachment_with_paths0B5_
FNDA:0,_RNCNvNtCscfGVhRPoqF0_12tcc_opet_lib18attachment_service25add_attachment_with_pathss0_0B5_
FNDA:0,_RNCNvNtCscfGVhRPoqF0_12tcc_opet_lib18attachment_service25add_attachment_with_pathss_0B5_
FNDA:0,_RNCNvNtCscfGVhRPoqF0_12tcc_opet_lib18attachment_service25validate_attachment_bytes0B5_
FNDA:0,_RNCNvNtCscfGVhRPoqF0_12tcc_opet_lib18attachment_service25validate_attachment_bytess0_0B5_
FNDA:0,_RNCNvNtCscfGVhRPoqF0_12tcc_opet_lib18attachment_service25validate_attachment_bytess_0B5_
FNDA:0,_RNCNvNtCscfGVhRPoqF0_12tcc_opet_lib18attachment_service26migrate_legacy_attachments0B5_
FNDA:0,_RNCNvNtCscfGVhRPoqF0_12tcc_opet_lib18attachment_service26migrate_legacy_attachmentss0_0B5_
FNDA:0,_RNCNvNtCscfGVhRPoqF0_12tcc_opet_lib18attachment_service26migrate_legacy_attachmentss1_0B5_
FNDA:0,_RNCNvNtCscfGVhRPoqF0_12tcc_opet_lib18attachment_service26migrate_legacy_attachmentss2_0B5_
FNDA:0,_RNCNvNtCscfGVhRPoqF0_12tcc_opet_lib18attachment_service26migrate_legacy_attachmentss3_0B5_
FNDA:0,_RNCNvNtCscfGVhRPoqF0_12tcc_opet_lib18attachment_service26migrate_legacy_attachmentss4_0B5_
FNDA:0,_RNCNvNtCscfGVhRPoqF0_12tcc_opet_lib18attachment_service26migrate_legacy_attachmentss_0B5_
FNDA:0,_RNCNvNtCscfGVhRPoqF0_12tcc_opet_lib18attachment_service26write_encrypted_attachment0B5_
FNDA:0,_RNCNvNtCscfGVhRPoqF0_12tcc_opet_lib18attachment_service26write_encrypted_attachments_0B5_
FNDA:0,_RNCNvNtCscfGVhRPoqF0_12tcc_opet_lib18attachment_service27read_attachment_as_data_url0B5_
FNDA:0,_RNCNvNtCscfGVhRPoqF0_12tcc_opet_lib18attachment_service28delete_attachment_with_paths0B5_
FNDA:0,_RNCNvNtCscfGVhRPoqF0_12tcc_opet_lib18attachment_service28delete_attachment_with_pathss0_0B5_
FNDA:0,_RNCNvNtCscfGVhRPoqF0_12tcc_opet_lib18attachment_service28delete_attachment_with_pathss_0B5_
FNDA:0,_RNCNvNtCscfGVhRPoqF0_12tcc_opet_lib18attachment_service28export_attachment_with_paths0B5_
FNDA:0,_RNCNvNtCscfGVhRPoqF0_12tcc_opet_lib18attachment_service30restore_staged_attachment_file0B5_
FNDA:0,_RNCNvNtCscfGVhRPoqF0_12tcc_opet_lib18attachment_service35recover_staged_attachment_deletions0B5_
FNDA:0,_RNCNvNtCscfGVhRPoqF0_12tcc_opet_lib18attachment_service35recover_staged_attachment_deletionss0_0B5_
FNDA:0,_RNCNvNtCscfGVhRPoqF0_12tcc_opet_lib18attachment_service35recover_staged_attachment_deletionss1_0B5_
FNDA:0,_RNCNvNtCscfGVhRPoqF0_12tcc_opet_lib18attachment_service35recover_staged_attachment_deletionss2_0B5_
FNDA:0,_RNCNvNtCscfGVhRPoqF0_12tcc_opet_lib18attachment_service35recover_staged_attachment_deletionss3_0B5_
FNDA:0,_RNCNvNtCscfGVhRPoqF0_12tcc_opet_lib18attachment_service35recover_staged_attachment_deletionss4_0B5_
FNDA:0,_RNCNvNtCscfGVhRPoqF0_12tcc_opet_lib18attachment_service35recover_staged_attachment_deletionss5_0B5_
FNDA:0,_RNCNvNtCscfGVhRPoqF0_12tcc_opet_lib18attachment_service35recover_staged_attachment_deletionss_0B5_
FNDA:0,_RNvNtCscfGVhRPoqF0_12tcc_opet_lib18attachment_service14attachment_aad
FNDA:0,_RNvNtCscfGVhRPoqF0_12tcc_opet_lib18attachment_service17delete_attachment
FNDA:0,_RNvNtCscfGVhRPoqF0_12tcc_opet_lib18attachment_service17export_attachment
FNDA:0,_RNvNtCscfGVhRPoqF0_12tcc_opet_lib18attachment_service22read_stored_attachment
FNDA:0,_RNvNtCscfGVhRPoqF0_12tcc_opet_lib18attachment_service24decrypt_attachment_bytes
FNDA:0,_RNvNtCscfGVhRPoqF0_12tcc_opet_lib18attachment_service24encrypt_attachment_bytes
FNDA:0,_RNvNtCscfGVhRPoqF0_12tcc_opet_lib18attachment_service24validate_attachment_file
FNDA:0,_RNvNtCscfGVhRPoqF0_12tcc_opet_lib18attachment_service25add_attachment_with_paths
FNDA:0,_RNvNtCscfGVhRPoqF0_12tcc_opet_lib18attachment_service25validate_attachment_bytes
FNDA:0,_RNvNtCscfGVhRPoqF0_12tcc_opet_lib18attachment_service26migrate_legacy_attachments
FNDA:0,_RNvNtCscfGVhRPoqF0_12tcc_opet_lib18attachment_service26write_encrypted_attachment
FNDA:0,_RNvNtCscfGVhRPoqF0_12tcc_opet_lib18attachment_service27read_attachment_as_data_url
FNDA:0,_RNvNtCscfGVhRPoqF0_12tcc_opet_lib18attachment_service28delete_attachment_with_paths
FNDA:0,_RNvNtCscfGVhRPoqF0_12tcc_opet_lib18attachment_service28export_attachment_with_paths
FNDA:0,_RNvNtCscfGVhRPoqF0_12tcc_opet_lib18attachment_service30restore_staged_attachment_file
FNDA:0,_RNvNtCscfGVhRPoqF0_12tcc_opet_lib18attachment_service35recover_staged_attachment_deletions
FNDA:0,_RNvNtCscfGVhRPoqF0_12tcc_opet_lib18attachment_service37add_attachments_atomically_with_paths
FNDA:0,_RNvNtCscfGVhRPoqF0_12tcc_opet_lib18attachment_service38read_attachment_as_data_url_with_paths
FNDA:1,_RNvNtNtCs2xcy2wfoTh8_12tcc_opet_lib18attachment_service5testss_43rejects_attachment_with_disguised_extension
FNDA:1,_RNvNtNtCs2xcy2wfoTh8_12tcc_opet_lib18attachment_service5testss_43validates_attachment_file_type_and_metadata
FNDA:1,_RNvNtNtCs2xcy2wfoTh8_12tcc_opet_lib18attachment_service5testss_44saves_and_removes_supported_attachment_files
FNDA:1,_RNvNtNtCs2xcy2wfoTh8_12tcc_opet_lib18attachment_service5testss_48encryption_rejects_invalid_or_tampered_envelopes
FNDA:1,_RNvNtNtCs2xcy2wfoTh8_12tcc_opet_lib18attachment_service5testss_61migrates_plaintext_legacy_attachment_to_an_encrypted_envelope
FNDA:5,_RNCNCNvNtCs2xcy2wfoTh8_12tcc_opet_lib18attachment_service26migrate_legacy_attachmentss1_00B7_
FNDA:0,_RNCNCNvNtCs2xcy2wfoTh8_12tcc_opet_lib18attachment_service26migrate_legacy_attachmentss4_00B7_
FNDA:0,_RNCNCNvNtCs2xcy2wfoTh8_12tcc_opet_lib18attachment_service26migrate_legacy_attachmentss4_0s0_0B7_
FNDA:0,_RNCNCNvNtCs2xcy2wfoTh8_12tcc_opet_lib18attachment_service26migrate_legacy_attachmentss4_0s1_0B7_
FNDA:0,_RNCNCNvNtCs2xcy2wfoTh8_12tcc_opet_lib18attachment_service26migrate_legacy_attachmentss4_0s_0B7_
FNDA:0,_RNCNCNvNtCs2xcy2wfoTh8_12tcc_opet_lib18attachment_service26write_encrypted_attachments_00B7_
FNDA:0,_RNCNCNvNtCs2xcy2wfoTh8_12tcc_opet_lib18attachment_service26write_encrypted_attachments_0s0_0B7_
FNDA:0,_RNCNCNvNtCs2xcy2wfoTh8_12tcc_opet_lib18attachment_service26write_encrypted_attachments_0s1_0B7_
FNDA:0,_RNCNCNvNtCs2xcy2wfoTh8_12tcc_opet_lib18attachment_service26write_encrypted_attachments_0s2_0B7_
FNDA:0,_RNCNCNvNtCs2xcy2wfoTh8_12tcc_opet_lib18attachment_service26write_encrypted_attachments_0s_0B7_
FNDA:0,_RNCNvNtCs2xcy2wfoTh8_12tcc_opet_lib18attachment_service17export_attachment0B5_
FNDA:0,_RNCNvNtCs2xcy2wfoTh8_12tcc_opet_lib18attachment_service22read_stored_attachment0B5_
FNDA:2,_RNCNvNtCs2xcy2wfoTh8_12tcc_opet_lib18attachment_service24decrypt_attachment_bytes0B5_
FNDA:0,_RNCNvNtCs2xcy2wfoTh8_12tcc_opet_lib18attachment_service24encrypt_attachment_bytes0B5_
FNDA:1,_RNCNvNtCs2xcy2wfoTh8_12tcc_opet_lib18attachment_service24validate_attachment_file0B5_
FNDA:0,_RNCNvNtCs2xcy2wfoTh8_12tcc_opet_lib18attachment_service24validate_attachment_files_0B5_
FNDA:0,_RNCNvNtCs2xcy2wfoTh8_12tcc_opet_lib18attachment_service25add_attachment_with_paths0B5_
FNDA:0,_RNCNvNtCs2xcy2wfoTh8_12tcc_opet_lib18attachment_service25add_attachment_with_pathss0_0B5_
FNDA:9,_RNCNvNtCs2xcy2wfoTh8_12tcc_opet_lib18attachment_service25add_attachment_with_pathss_0B5_
FNDA:25,_RNCNvNtCs2xcy2wfoTh8_12tcc_opet_lib18attachment_service25validate_attachment_bytes0B5_
FNDA:3,_RNCNvNtCs2xcy2wfoTh8_12tcc_opet_lib18attachment_service25validate_attachment_bytess0_0B5_
FNDA:25,_RNCNvNtCs2xcy2wfoTh8_12tcc_opet_lib18attachment_service25validate_attachment_bytess_0B5_
FNDA:4,_RNCNvNtCs2xcy2wfoTh8_12tcc_opet_lib18attachment_service26migrate_legacy_attachments0B5_
FNDA:0,_RNCNvNtCs2xcy2wfoTh8_12tcc_opet_lib18attachment_service26migrate_legacy_attachmentss0_0B5_
FNDA:5,_RNCNvNtCs2xcy2wfoTh8_12tcc_opet_lib18attachment_service26migrate_legacy_attachmentss1_0B5_
FNDA:4,_RNCNvNtCs2xcy2wfoTh8_12tcc_opet_lib18attachment_service26migrate_legacy_attachmentss2_0B5_
FNDA:0,_RNCNvNtCs2xcy2wfoTh8_12tcc_opet_lib18attachment_service26migrate_legacy_attachmentss3_0B5_
FNDA:3,_RNCNvNtCs2xcy2wfoTh8_12tcc_opet_lib18attachment_service26migrate_legacy_attachmentss4_0B5_
FNDA:4,_RNCNvNtCs2xcy2wfoTh8_12tcc_opet_lib18attachment_service26migrate_legacy_attachmentss_0B5_
FNDA:0,_RNCNvNtCs2xcy2wfoTh8_12tcc_opet_lib18attachment_service26write_encrypted_attachment0B5_
FNDA:11,_RNCNvNtCs2xcy2wfoTh8_12tcc_opet_lib18attachment_service26write_encrypted_attachments_0B5_
FNDA:0,_RNCNvNtCs2xcy2wfoTh8_12tcc_opet_lib18attachment_service27read_attachment_as_data_url0B5_
FNDA:0,_RNCNvNtCs2xcy2wfoTh8_12tcc_opet_lib18attachment_service28delete_attachment_with_paths0B5_
FNDA:0,_RNCNvNtCs2xcy2wfoTh8_12tcc_opet_lib18attachment_service28delete_attachment_with_pathss0_0B5_
FNDA:0,_RNCNvNtCs2xcy2wfoTh8_12tcc_opet_lib18attachment_service28delete_attachment_with_pathss_0B5_
FNDA:0,_RNCNvNtCs2xcy2wfoTh8_12tcc_opet_lib18attachment_service28export_attachment_with_paths0B5_
FNDA:0,_RNCNvNtCs2xcy2wfoTh8_12tcc_opet_lib18attachment_service30restore_staged_attachment_file0B5_
FNDA:0,_RNCNvNtCs2xcy2wfoTh8_12tcc_opet_lib18attachment_service35recover_staged_attachment_deletions0B5_
FNDA:0,_RNCNvNtCs2xcy2wfoTh8_12tcc_opet_lib18attachment_service35recover_staged_attachment_deletionss0_0B5_
FNDA:2,_RNCNvNtCs2xcy2wfoTh8_12tcc_opet_lib18attachment_service35recover_staged_attachment_deletionss1_0B5_
FNDA:1,_RNCNvNtCs2xcy2wfoTh8_12tcc_opet_lib18attachment_service35recover_staged_attachment_deletionss2_0B5_
FNDA:1,_RNCNvNtCs2xcy2wfoTh8_12tcc_opet_lib18attachment_service35recover_staged_attachment_deletionss3_0B5_
FNDA:0,_RNCNvNtCs2xcy2wfoTh8_12tcc_opet_lib18attachment_service35recover_staged_attachment_deletionss4_0B5_
FNDA:0,_RNCNvNtCs2xcy2wfoTh8_12tcc_opet_lib18attachment_service35recover_staged_attachment_deletionss5_0B5_
FNDA:0,_RNCNvNtCs2xcy2wfoTh8_12tcc_opet_lib18attachment_service35recover_staged_attachment_deletionss_0B5_
FNDA:3,_RNvNtCs2xcy2wfoTh8_12tcc_opet_lib18attachment_service14add_attachment
FNDA:29,_RNvNtCs2xcy2wfoTh8_12tcc_opet_lib18attachment_service14attachment_aad
FNDA:2,_RNvNtCs2xcy2wfoTh8_12tcc_opet_lib18attachment_service17delete_attachment
FNDA:0,_RNvNtCs2xcy2wfoTh8_12tcc_opet_lib18attachment_service17export_attachment
FNDA:15,_RNvNtCs2xcy2wfoTh8_12tcc_opet_lib18attachment_service22read_stored_attachment
FNDA:20,_RNvNtCs2xcy2wfoTh8_12tcc_opet_lib18attachment_service24decrypt_attachment_bytes
FNDA:13,_RNvNtCs2xcy2wfoTh8_12tcc_opet_lib18attachment_service24encrypt_attachment_bytes
FNDA:15,_RNvNtCs2xcy2wfoTh8_12tcc_opet_lib18attachment_service24validate_attachment_file
FNDA:11,_RNvNtCs2xcy2wfoTh8_12tcc_opet_lib18attachment_service25add_attachment_with_paths
FNDA:28,_RNvNtCs2xcy2wfoTh8_12tcc_opet_lib18attachment_service25validate_attachment_bytes
FNDA:13,_RNvNtCs2xcy2wfoTh8_12tcc_opet_lib18attachment_service26migrate_legacy_attachments
FNDA:11,_RNvNtCs2xcy2wfoTh8_12tcc_opet_lib18attachment_service26write_encrypted_attachment
FNDA:3,_RNvNtCs2xcy2wfoTh8_12tcc_opet_lib18attachment_service27read_attachment_as_data_url
FNDA:3,_RNvNtCs2xcy2wfoTh8_12tcc_opet_lib18attachment_service28delete_attachment_with_paths
FNDA:1,_RNvNtCs2xcy2wfoTh8_12tcc_opet_lib18attachment_service28export_attachment_with_paths
FNDA:1,_RNvNtCs2xcy2wfoTh8_12tcc_opet_lib18attachment_service30restore_staged_attachment_file
FNDA:9,_RNvNtCs2xcy2wfoTh8_12tcc_opet_lib18attachment_service35recover_staged_attachment_deletions
FNDA:4,_RNvNtCs2xcy2wfoTh8_12tcc_opet_lib18attachment_service37add_attachments_atomically_with_paths
FNDA:6,_RNvNtCs2xcy2wfoTh8_12tcc_opet_lib18attachment_service38read_attachment_as_data_url_with_paths
FNF:69
FNH:39
DA:20,28
DA:21,28
DA:22,28
DA:23,28
DA:24,25
DA:25,25
DA:26,25
DA:28,25
DA:29,28
DA:30,3
DA:34,3
DA:35,25
DA:36,28
DA:38,29
DA:39,29
DA:47,29
DA:48,29
DA:50,13
DA:51,13
DA:52,13
DA:53,13
DA:54,13
DA:55,13
DA:56,13
DA:57,13
DA:58,13
DA:59,13
DA:60,13
DA:61,13
DA:62,13
DA:64,13
DA:65,0
DA:69,0
DA:70,13
DA:71,13
DA:72,13
DA:73,13
DA:74,13
DA:75,13
DA:77,20
DA:78,20
DA:79,20
DA:80,20
DA:81,20
DA:82,3
DA:83,3
DA:84,3
DA:85,3
DA:86,17
DA:87,17
DA:88,17
DA:89,1
DA:90,1
DA:91,1
DA:92,1
DA:93,16
DA:94,16
DA:95,16
DA:96,16
DA:97,16
DA:98,16
DA:99,16
DA:100,16
DA:101,16
DA:103,16
DA:104,2
DA:108,2
DA:109,20
DA:111,15
DA:112,15
DA:113,15
DA:114,15
DA:115,15
DA:116,0
DA:117,0
DA:118,0
DA:120,0
DA:121,15
DA:122,13
DA:123,13
DA:124,0
DA:125,0
DA:126,0
DA:127,0
DA:128,13
DA:129,13
DA:130,15
DA:132,11
DA:133,11
DA:134,11
DA:135,11
DA:136,11
DA:137,11
DA:138,0
DA:139,0
DA:140,0
DA:142,0
DA:143,11
DA:144,11
DA:147,11
DA:149,11
DA:150,11
DA:151,11
DA:152,0
DA:153,0
DA:154,0
DA:156,0
DA:157,11
DA:158,0
DA:159,0
DA:160,0
DA:162,0
DA:163,11
DA:164,0
DA:165,0
DA:166,0
DA:168,0
DA:169,11
DA:170,0
DA:171,0
DA:172,0
DA:174,0
DA:175,11
DA:176,0
DA:177,0
DA:178,0
DA:180,0
DA:181,11
DA:183,11
DA:184,0
DA:185,11
DA:186,11
DA:187,11
DA:189,15
DA:190,15
DA:191,1
DA:192,1
DA:193,1
DA:195,1
DA:196,14
DA:197,1
DA:198,1
DA:199,1
DA:200,1
DA:201,13
DA:202,13
DA:203,0
DA:204,0
DA:205,0
DA:206,0
DA:207,13
DA:208,13
DA:209,0
DA:210,0
DA:211,0
DA:213,0
DA:214,13
DA:215,0
DA:216,0
DA:217,0
DA:218,0
DA:219,13
DA:220,13
DA:221,15
DA:224,3
DA:225,3
DA:226,3
DA:227,3
DA:228,3
DA:229,3
DA:230,3
DA:231,3
DA:232,3
DA:233,3
DA:234,0
DA:235,3
DA:236,3
DA:238,4
DA:239,4
DA:240,4
DA:241,4
DA:242,4
DA:243,4
DA:244,4
DA:245,4
DA:246,5
DA:247,5
DA:248,4
DA:249,1
DA:250,1
DA:251,1
DA:252,1
DA:253,1
DA:257,3
DA:258,0
DA:259,0
DA:260,0
DA:261,0
DA:262,3
DA:263,3
DA:264,4
DA:266,11
DA:267,11
DA:268,11
DA:269,11
DA:270,11
DA:271,11
DA:272,11
DA:273,11
DA:274,11
DA:275,9
DA:276,9
DA:277,9
DA:278,9
DA:279,9
DA:280,0
DA:284,0
DA:285,9
DA:286,9
DA:287,9
DA:288,9
DA:289,9
DA:290,9
DA:291,9
DA:293,9
DA:294,9
DA:295,0
DA:296,0
DA:297,9
DA:298,9
DA:299,9
DA:300,9
DA:301,9
DA:303,9
DA:304,0
DA:305,0
DA:306,9
DA:307,9
DA:308,11
DA:310,2
DA:311,2
DA:312,2
DA:313,2
DA:314,2
DA:316,3
DA:317,3
DA:318,3
DA:319,3
DA:320,3
DA:321,3
DA:322,3
DA:323,3
DA:324,3
DA:325,3
DA:326,3
DA:327,0
DA:328,0
DA:329,0
DA:331,0
DA:332,3
DA:333,1
DA:334,1
DA:335,1
DA:336,1
DA:337,2
DA:338,2
DA:339,2
DA:340,0
DA:341,0
DA:342,0
DA:344,0
DA:345,2
DA:347,0
DA:349,2
DA:350,0
DA:351,0
DA:352,0
DA:353,0
DA:355,2
DA:356,2
DA:357,2
DA:358,2
DA:359,2
DA:361,2
DA:362,1
DA:363,1
DA:364,1
DA:365,1
DA:366,0
DA:367,0
DA:368,1
DA:369,1
DA:370,1
DA:371,0
DA:372,1
DA:373,0
DA:374,1
DA:375,3
DA:377,1
DA:378,1
DA:379,1
DA:380,1
DA:381,1
DA:382,1
DA:383,0
DA:384,0
DA:385,0
DA:387,0
DA:388,0
DA:389,1
DA:390,1
DA:392,9
DA:393,9
DA:394,9
DA:395,9
DA:396,9
DA:397,7
DA:398,2
DA:399,2
DA:400,0
DA:401,0
DA:402,0
DA:404,0
DA:405,2
DA:406,0
DA:407,0
DA:408,0
DA:410,0
DA:411,2
DA:412,0
DA:413,0
DA:414,0
DA:416,0
DA:417,2
DA:418,0
DA:419,2
DA:420,2
DA:421,2
DA:422,2
DA:423,2
DA:424,2
DA:426,1
DA:428,1
DA:429,1
DA:430,1
DA:431,1
DA:432,0
DA:433,1
DA:434,1
DA:435,1
DA:436,1
DA:437,0
DA:438,0
DA:439,0
DA:441,0
DA:443,0
DA:444,0
DA:445,0
DA:446,0
DA:448,0
DA:451,2
DA:452,9
DA:454,3
DA:455,3
DA:456,3
DA:457,3
DA:458,3
DA:459,3
DA:461,6
DA:462,6
DA:463,6
DA:464,6
DA:465,6
DA:466,6
DA:467,6
DA:468,6
DA:469,6
DA:470,6
DA:471,6
DA:473,0
DA:474,0
DA:475,0
DA:476,0
DA:477,0
DA:478,0
DA:480,1
DA:481,1
DA:482,1
DA:483,1
DA:484,1
DA:485,1
DA:486,1
DA:487,1
DA:489,1
DA:490,0
DA:491,0
DA:492,0
DA:494,0
DA:495,1
DA:496,1
DA:498,13
DA:499,13
DA:500,13
DA:501,13
DA:502,13
DA:503,7
DA:504,6
DA:505,6
DA:506,6
DA:507,6
DA:508,0
DA:509,6
DA:510,6
DA:512,4
DA:513,4
DA:514,4
DA:515,4
DA:516,4
DA:517,4
DA:518,4
DA:520,4
DA:521,6
DA:522,6
DA:523,6
DA:524,6
DA:525,6
DA:526,6
DA:527,6
DA:528,0
DA:529,0
DA:530,0
DA:532,0
DA:533,6
DA:534,6
DA:535,5
DA:536,5
DA:537,5
DA:538,5
DA:539,5
DA:540,5
DA:541,6
DA:542,5
DA:543,5
DA:544,5
DA:546,3
DA:547,3
DA:549,3
DA:550,0
DA:554,0
DA:555,3
DA:556,3
DA:557,3
DA:558,3
DA:559,0
DA:560,0
DA:561,0
DA:563,0
DA:564,3
DA:565,2
DA:566,0
DA:567,0
DA:568,0
DA:570,0
DA:571,2
DA:572,0
DA:573,0
DA:574,0
DA:575,0
DA:577,0
DA:579,2
DA:580,2
DA:582,0
DA:583,0
DA:584,0
DA:585,0
DA:586,2
DA:587,2
DA:589,2
DA:591,3
DA:592,0
DA:593,0
DA:594,0
DA:596,0
DA:597,3
DA:598,0
DA:599,0
DA:600,0
DA:601,0
DA:602,0
DA:603,3
DA:604,3
DA:605,3
DA:607,3
DA:608,3
DA:609,13
DA:621,1
DA:622,1
DA:623,1
DA:624,1
DA:625,1
DA:626,1
DA:627,1
DA:629,1
DA:630,1
DA:631,1
DA:632,1
DA:633,1
DA:634,1
DA:635,1
DA:636,1
DA:638,1
DA:639,1
DA:640,1
DA:641,1
DA:642,1
DA:643,1
DA:644,1
DA:647,1
DA:648,1
DA:649,1
DA:650,1
DA:652,1
DA:653,1
DA:654,1
DA:655,1
DA:656,1
DA:657,1
DA:658,1
DA:661,1
DA:662,1
DA:663,1
DA:664,1
DA:665,1
DA:667,1
DA:668,1
DA:669,1
DA:672,1
DA:673,1
DA:674,1
DA:675,1
DA:676,1
DA:677,1
DA:680,1
DA:681,1
DA:683,1
DA:684,1
DA:687,1
DA:688,1
DA:690,1
DA:691,1
DA:692,1
DA:694,1
DA:695,1
DA:696,1
DA:697,1
DA:698,1
DA:699,1
DA:700,1
DA:701,1
DA:704,1
DA:705,1
DA:706,1
DA:708,1
DA:709,1
DA:711,1
DA:712,1
DA:713,1
DA:714,1
DA:715,1
DA:716,1
DA:719,1
DA:720,1
DA:721,1
DA:722,1
DA:723,1
DA:724,1
DA:725,1
DA:727,1
DA:728,1
DA:729,1
DA:730,1
DA:731,1
DA:732,1
DA:733,1
DA:734,1
DA:735,1
DA:736,1
DA:737,1
DA:738,1
DA:741,1
DA:742,1
DA:744,1
DA:746,1
DA:747,1
DA:748,1
DA:749,1
DA:752,1
DA:753,1
BRF:0
BRH:0
LF:670
LH:469
end_of_record
SF:/mnt/gustavo/tcc/tcc-opet/src-tauri/src/backup_service.rs
FN:311,_RNvNtCscfGVhRPoqF0_12tcc_opet_lib14backup_service11zip_options
FN:181,_RNvNtCscfGVhRPoqF0_12tcc_opet_lib14backup_service14inspect_backup
FN:317,_RNvNtCscfGVhRPoqF0_12tcc_opet_lib14backup_service15backup_manifest
FN:296,_RNvNtCscfGVhRPoqF0_12tcc_opet_lib14backup_service15create_snapshot
FN:325,_RNvNtCscfGVhRPoqF0_12tcc_opet_lib14backup_service17validate_manifest
FN:111,_RNvNtCscfGVhRPoqF0_12tcc_opet_lib14backup_service19backup_envelope_key
FN:90,_RNvNtCscfGVhRPoqF0_12tcc_opet_lib14backup_service20activate_backup_file
FN:234,_RNvNtCscfGVhRPoqF0_12tcc_opet_lib14backup_service22decrypt_backup_archive
FN:136,_RNvNtCscfGVhRPoqF0_12tcc_opet_lib14backup_service22encrypt_backup_archive
FN:343,_RNvNtCscfGVhRPoqF0_12tcc_opet_lib14backup_service24export_backup_with_paths
FN:461,_RNvNtCscfGVhRPoqF0_12tcc_opet_lib14backup_service24is_safe_attachment_entry
FN:473,_RNvNtCscfGVhRPoqF0_12tcc_opet_lib14backup_service24validate_archive_entries
FN:537,_RNvNtCscfGVhRPoqF0_12tcc_opet_lib14backup_service24validate_database_schema
FN:567,_RNvNtCscfGVhRPoqF0_12tcc_opet_lib14backup_service25restore_backup_with_paths
FN:216,_RNvNtCscfGVhRPoqF0_12tcc_opet_lib14backup_service26validate_backup_passphrase
FN:432,_RNvNtCscfGVhRPoqF0_12tcc_opet_lib14backup_service29export_backup_with_passphrase
FN:727,_RNvNtCscfGVhRPoqF0_12tcc_opet_lib14backup_service30restore_backup_with_passphrase
FN:167,_RNvNtCscfGVhRPoqF0_12tcc_opet_lib14backup_service31validate_backup_envelope_header
FN:83,_RINvNtCscfGVhRPoqF0_12tcc_opet_lib14backup_service12backup_errorNtCs9CRsy2zN21X_4aead5ErrorEB4_
FN:83,_RINvNtCscfGVhRPoqF0_12tcc_opet_lib14backup_service12backup_errorNtNtCs4zoUfzvIron_3zip6result8ZipErrorEB4_
FN:83,_RINvNtCscfGVhRPoqF0_12tcc_opet_lib14backup_service12backup_errorNtNtCs7QTwUgDMpKV_6argon25error5ErrorEB4_
FN:83,_RINvNtCscfGVhRPoqF0_12tcc_opet_lib14backup_service12backup_errorNtNtCs7dTDQl1DYhd_4core5array17TryFromSliceErrorEB4_
FN:83,_RINvNtCscfGVhRPoqF0_12tcc_opet_lib14backup_service12backup_errorNtNtCsaUIxoO4qNK8_10serde_json5error5ErrorEB4_
FN:83,_RINvNtCscfGVhRPoqF0_12tcc_opet_lib14backup_service12backup_errorNtNtCseED3wRbs81L_6base646decode11DecodeErrorEB4_
FN:83,_RINvNtCscfGVhRPoqF0_12tcc_opet_lib14backup_service12backup_errorNtNtCsfz0WBQCR7wK_8rusqlite5error5ErrorEB4_
FN:83,_RINvNtCscfGVhRPoqF0_12tcc_opet_lib14backup_service12backup_errorNtNtNtCs9hLsKkECTMM_3std2io5error5ErrorEB4_
FN:83,_RINvNtCscfGVhRPoqF0_12tcc_opet_lib14backup_service12backup_errorReEB4_
FN:401,_RNCNCNvNtCscfGVhRPoqF0_12tcc_opet_lib14backup_service24export_backup_with_pathss_00B7_
FN:402,_RNCNCNvNtCscfGVhRPoqF0_12tcc_opet_lib14backup_service24export_backup_with_pathss_0s_0B7_
FN:463,_RNCNCNvNtCscfGVhRPoqF0_12tcc_opet_lib14backup_service24is_safe_attachment_entry00B7_
FN:468,_RNCNCNvNtCscfGVhRPoqF0_12tcc_opet_lib14backup_service24is_safe_attachment_entrys_00B7_
FN:609,_RNCNCNvNtCscfGVhRPoqF0_12tcc_opet_lib14backup_service25restore_backup_with_pathss_00B7_
FN:647,_RNCNCNvNtCscfGVhRPoqF0_12tcc_opet_lib14backup_service25restore_backup_with_pathss_0s0_0B7_
FN:685,_RNCNCNvNtCscfGVhRPoqF0_12tcc_opet_lib14backup_service25restore_backup_with_pathss_0s1_0B7_
FN:626,_RNCNCNvNtCscfGVhRPoqF0_12tcc_opet_lib14backup_service25restore_backup_with_pathss_0s_0B7_
FN:123,_RNCNvNtCscfGVhRPoqF0_12tcc_opet_lib14backup_service19backup_envelope_key0B5_
FN:93,_RNCNvNtCscfGVhRPoqF0_12tcc_opet_lib14backup_service20activate_backup_file0B5_
FN:253,_RNCNvNtCscfGVhRPoqF0_12tcc_opet_lib14backup_service22decrypt_backup_archive0B5_
FN:287,_RNCNvNtCscfGVhRPoqF0_12tcc_opet_lib14backup_service22decrypt_backup_archives0_0B5_
FN:265,_RNCNvNtCscfGVhRPoqF0_12tcc_opet_lib14backup_service22decrypt_backup_archives_0B5_
FN:142,_RNCNvNtCscfGVhRPoqF0_12tcc_opet_lib14backup_service22encrypt_backup_archive0B5_
FN:348,_RNCNvNtCscfGVhRPoqF0_12tcc_opet_lib14backup_service24export_backup_with_paths0B5_
FN:361,_RNCNvNtCscfGVhRPoqF0_12tcc_opet_lib14backup_service24export_backup_with_pathss_0B5_
FN:463,_RNCNvNtCscfGVhRPoqF0_12tcc_opet_lib14backup_service24is_safe_attachment_entry0B5_
FN:464,_RNCNvNtCscfGVhRPoqF0_12tcc_opet_lib14backup_service24is_safe_attachment_entrys_0B5_
FN:494,_RNCNvNtCscfGVhRPoqF0_12tcc_opet_lib14backup_service24validate_archive_entries0B5_
FN:543,_RNCNvNtCscfGVhRPoqF0_12tcc_opet_lib14backup_service24validate_database_schema0B5_
FN:572,_RNCNvNtCscfGVhRPoqF0_12tcc_opet_lib14backup_service25restore_backup_with_paths0B5_
FN:583,_RNCNvNtCscfGVhRPoqF0_12tcc_opet_lib14backup_service25restore_backup_with_pathss_0B5_
FN:440,_RNCNvNtCscfGVhRPoqF0_12tcc_opet_lib14backup_service29export_backup_with_passphrase0B5_
FN:442,_RNCNvNtCscfGVhRPoqF0_12tcc_opet_lib14backup_service29export_backup_with_passphrases_0B5_
FN:746,_RNCNvNtCscfGVhRPoqF0_12tcc_opet_lib14backup_service30restore_backup_with_passphrase0B5_
FN:748,_RNCNvNtCscfGVhRPoqF0_12tcc_opet_lib14backup_service30restore_backup_with_passphrases_0B5_
FN:83,_RINvNtCs2xcy2wfoTh8_12tcc_opet_lib14backup_service12backup_errorNtCs9CRsy2zN21X_4aead5ErrorEB4_
FN:83,_RINvNtCs2xcy2wfoTh8_12tcc_opet_lib14backup_service12backup_errorNtNtCs4zoUfzvIron_3zip6result8ZipErrorEB4_
FN:83,_RINvNtCs2xcy2wfoTh8_12tcc_opet_lib14backup_service12backup_errorNtNtCs7QTwUgDMpKV_6argon25error5ErrorEB4_
FN:83,_RINvNtCs2xcy2wfoTh8_12tcc_opet_lib14backup_service12backup_errorNtNtCs7dTDQl1DYhd_4core5array17TryFromSliceErrorEB4_
FN:83,_RINvNtCs2xcy2wfoTh8_12tcc_opet_lib14backup_service12backup_errorNtNtCsaUIxoO4qNK8_10serde_json5error5ErrorEB4_
FN:83,_RINvNtCs2xcy2wfoTh8_12tcc_opet_lib14backup_service12backup_errorNtNtCseED3wRbs81L_6base646decode11DecodeErrorEB4_
FN:83,_RINvNtCs2xcy2wfoTh8_12tcc_opet_lib14backup_service12backup_errorNtNtCsfz0WBQCR7wK_8rusqlite5error5ErrorEB4_
FN:83,_RINvNtCs2xcy2wfoTh8_12tcc_opet_lib14backup_service12backup_errorNtNtNtCs9hLsKkECTMM_3std2io5error5ErrorEB4_
FN:83,_RINvNtCs2xcy2wfoTh8_12tcc_opet_lib14backup_service12backup_errorReEB4_
FN:401,_RNCNCNvNtCs2xcy2wfoTh8_12tcc_opet_lib14backup_service24export_backup_with_pathss_00B7_
FN:402,_RNCNCNvNtCs2xcy2wfoTh8_12tcc_opet_lib14backup_service24export_backup_with_pathss_0s_0B7_
FN:463,_RNCNCNvNtCs2xcy2wfoTh8_12tcc_opet_lib14backup_service24is_safe_attachment_entry00B7_
FN:468,_RNCNCNvNtCs2xcy2wfoTh8_12tcc_opet_lib14backup_service24is_safe_attachment_entrys_00B7_
FN:609,_RNCNCNvNtCs2xcy2wfoTh8_12tcc_opet_lib14backup_service25restore_backup_with_pathss_00B7_
FN:647,_RNCNCNvNtCs2xcy2wfoTh8_12tcc_opet_lib14backup_service25restore_backup_with_pathss_0s0_0B7_
FN:685,_RNCNCNvNtCs2xcy2wfoTh8_12tcc_opet_lib14backup_service25restore_backup_with_pathss_0s1_0B7_
FN:626,_RNCNCNvNtCs2xcy2wfoTh8_12tcc_opet_lib14backup_service25restore_backup_with_pathss_0s_0B7_
FN:123,_RNCNvNtCs2xcy2wfoTh8_12tcc_opet_lib14backup_service19backup_envelope_key0B5_
FN:93,_RNCNvNtCs2xcy2wfoTh8_12tcc_opet_lib14backup_service20activate_backup_file0B5_
FN:253,_RNCNvNtCs2xcy2wfoTh8_12tcc_opet_lib14backup_service22decrypt_backup_archive0B5_
FN:287,_RNCNvNtCs2xcy2wfoTh8_12tcc_opet_lib14backup_service22decrypt_backup_archives0_0B5_
FN:265,_RNCNvNtCs2xcy2wfoTh8_12tcc_opet_lib14backup_service22decrypt_backup_archives_0B5_
FN:142,_RNCNvNtCs2xcy2wfoTh8_12tcc_opet_lib14backup_service22encrypt_backup_archive0B5_
FN:348,_RNCNvNtCs2xcy2wfoTh8_12tcc_opet_lib14backup_service24export_backup_with_paths0B5_
FN:361,_RNCNvNtCs2xcy2wfoTh8_12tcc_opet_lib14backup_service24export_backup_with_pathss_0B5_
FN:463,_RNCNvNtCs2xcy2wfoTh8_12tcc_opet_lib14backup_service24is_safe_attachment_entry0B5_
FN:464,_RNCNvNtCs2xcy2wfoTh8_12tcc_opet_lib14backup_service24is_safe_attachment_entrys_0B5_
FN:494,_RNCNvNtCs2xcy2wfoTh8_12tcc_opet_lib14backup_service24validate_archive_entries0B5_
FN:543,_RNCNvNtCs2xcy2wfoTh8_12tcc_opet_lib14backup_service24validate_database_schema0B5_
FN:572,_RNCNvNtCs2xcy2wfoTh8_12tcc_opet_lib14backup_service25restore_backup_with_paths0B5_
FN:583,_RNCNvNtCs2xcy2wfoTh8_12tcc_opet_lib14backup_service25restore_backup_with_pathss_0B5_
FN:440,_RNCNvNtCs2xcy2wfoTh8_12tcc_opet_lib14backup_service29export_backup_with_passphrase0B5_
FN:442,_RNCNvNtCs2xcy2wfoTh8_12tcc_opet_lib14backup_service29export_backup_with_passphrases_0B5_
FN:746,_RNCNvNtCs2xcy2wfoTh8_12tcc_opet_lib14backup_service30restore_backup_with_passphrase0B5_
FN:748,_RNCNvNtCs2xcy2wfoTh8_12tcc_opet_lib14backup_service30restore_backup_with_passphrases_0B5_
FN:803,_RNCNvNtNtCs2xcy2wfoTh8_12tcc_opet_lib14backup_service5testss_45exports_and_restores_database_and_attachments0B7_
FN:311,_RNvNtCs2xcy2wfoTh8_12tcc_opet_lib14backup_service11zip_options
FN:181,_RNvNtCs2xcy2wfoTh8_12tcc_opet_lib14backup_service14inspect_backup
FN:317,_RNvNtCs2xcy2wfoTh8_12tcc_opet_lib14backup_service15backup_manifest
FN:296,_RNvNtCs2xcy2wfoTh8_12tcc_opet_lib14backup_service15create_snapshot
FN:325,_RNvNtCs2xcy2wfoTh8_12tcc_opet_lib14backup_service17validate_manifest
FN:111,_RNvNtCs2xcy2wfoTh8_12tcc_opet_lib14backup_service19backup_envelope_key
FN:90,_RNvNtCs2xcy2wfoTh8_12tcc_opet_lib14backup_service20activate_backup_file
FN:234,_RNvNtCs2xcy2wfoTh8_12tcc_opet_lib14backup_service22decrypt_backup_archive
FN:136,_RNvNtCs2xcy2wfoTh8_12tcc_opet_lib14backup_service22encrypt_backup_archive
FN:343,_RNvNtCs2xcy2wfoTh8_12tcc_opet_lib14backup_service24export_backup_with_paths
FN:461,_RNvNtCs2xcy2wfoTh8_12tcc_opet_lib14backup_service24is_safe_attachment_entry
FN:473,_RNvNtCs2xcy2wfoTh8_12tcc_opet_lib14backup_service24validate_archive_entries
FN:537,_RNvNtCs2xcy2wfoTh8_12tcc_opet_lib14backup_service24validate_database_schema
FN:567,_RNvNtCs2xcy2wfoTh8_12tcc_opet_lib14backup_service25restore_backup_with_paths
FN:216,_RNvNtCs2xcy2wfoTh8_12tcc_opet_lib14backup_service26validate_backup_passphrase
FN:432,_RNvNtCs2xcy2wfoTh8_12tcc_opet_lib14backup_service29export_backup_with_passphrase
FN:727,_RNvNtCs2xcy2wfoTh8_12tcc_opet_lib14backup_service30restore_backup_with_passphrase
FN:167,_RNvNtCs2xcy2wfoTh8_12tcc_opet_lib14backup_service31validate_backup_envelope_header
FN:762,_RNvNtNtCs2xcy2wfoTh8_12tcc_opet_lib14backup_service5tests9temp_path
FN:813,_RNvNtNtCs2xcy2wfoTh8_12tcc_opet_lib14backup_service5testss_40restore_rejects_an_incompatible_manifest
FN:767,_RNvNtNtCs2xcy2wfoTh8_12tcc_opet_lib14backup_service5testss_45exports_and_restores_database_and_attachments
FN:924,_RNvNtNtCs2xcy2wfoTh8_12tcc_opet_lib14backup_service5testss_46restore_rejects_archives_with_too_many_entries
FN:898,_RNvNtNtCs2xcy2wfoTh8_12tcc_opet_lib14backup_service5testss_47restores_legacy_backup_when_its_schema_is_valid
FN:839,_RNvNtNtCs2xcy2wfoTh8_12tcc_opet_lib14backup_service5testss_56exports_format_three_and_accepts_all_supported_manifests
FN:880,_RNvNtNtCs2xcy2wfoTh8_12tcc_opet_lib14backup_service5testss_57inspection_reports_whether_a_backup_requires_a_passphrase
FN:852,_RNvNtNtCs2xcy2wfoTh8_12tcc_opet_lib14backup_service5testss_58password_protected_backup_requires_the_original_passphrase
FN:865,_RNvNtNtCs2xcy2wfoTh8_12tcc_opet_lib14backup_service5testss_58validates_a_password_protected_backup_without_restoring_it
FNDA:0,_RNvNtCscfGVhRPoqF0_12tcc_opet_lib14backup_service11zip_options
FNDA:0,_RNvNtCscfGVhRPoqF0_12tcc_opet_lib14backup_service14inspect_backup
FNDA:0,_RNvNtCscfGVhRPoqF0_12tcc_opet_lib14backup_service15backup_manifest
FNDA:0,_RNvNtCscfGVhRPoqF0_12tcc_opet_lib14backup_service15create_snapshot
FNDA:0,_RNvNtCscfGVhRPoqF0_12tcc_opet_lib14backup_service17validate_manifest
FNDA:0,_RNvNtCscfGVhRPoqF0_12tcc_opet_lib14backup_service19backup_envelope_key
FNDA:0,_RNvNtCscfGVhRPoqF0_12tcc_opet_lib14backup_service20activate_backup_file
FNDA:0,_RNvNtCscfGVhRPoqF0_12tcc_opet_lib14backup_service22decrypt_backup_archive
FNDA:0,_RNvNtCscfGVhRPoqF0_12tcc_opet_lib14backup_service22encrypt_backup_archive
FNDA:0,_RNvNtCscfGVhRPoqF0_12tcc_opet_lib14backup_service24export_backup_with_paths
FNDA:0,_RNvNtCscfGVhRPoqF0_12tcc_opet_lib14backup_service24is_safe_attachment_entry
FNDA:0,_RNvNtCscfGVhRPoqF0_12tcc_opet_lib14backup_service24validate_archive_entries
FNDA:0,_RNvNtCscfGVhRPoqF0_12tcc_opet_lib14backup_service24validate_database_schema
FNDA:0,_RNvNtCscfGVhRPoqF0_12tcc_opet_lib14backup_service25restore_backup_with_paths
FNDA:0,_RNvNtCscfGVhRPoqF0_12tcc_opet_lib14backup_service26validate_backup_passphrase
FNDA:0,_RNvNtCscfGVhRPoqF0_12tcc_opet_lib14backup_service29export_backup_with_passphrase
FNDA:0,_RNvNtCscfGVhRPoqF0_12tcc_opet_lib14backup_service30restore_backup_with_passphrase
FNDA:0,_RNvNtCscfGVhRPoqF0_12tcc_opet_lib14backup_service31validate_backup_envelope_header
FNDA:0,_RINvNtCscfGVhRPoqF0_12tcc_opet_lib14backup_service12backup_errorNtCs9CRsy2zN21X_4aead5ErrorEB4_
FNDA:0,_RINvNtCscfGVhRPoqF0_12tcc_opet_lib14backup_service12backup_errorNtNtCs4zoUfzvIron_3zip6result8ZipErrorEB4_
FNDA:0,_RINvNtCscfGVhRPoqF0_12tcc_opet_lib14backup_service12backup_errorNtNtCs7QTwUgDMpKV_6argon25error5ErrorEB4_
FNDA:0,_RINvNtCscfGVhRPoqF0_12tcc_opet_lib14backup_service12backup_errorNtNtCs7dTDQl1DYhd_4core5array17TryFromSliceErrorEB4_
FNDA:0,_RINvNtCscfGVhRPoqF0_12tcc_opet_lib14backup_service12backup_errorNtNtCsaUIxoO4qNK8_10serde_json5error5ErrorEB4_
FNDA:0,_RINvNtCscfGVhRPoqF0_12tcc_opet_lib14backup_service12backup_errorNtNtCseED3wRbs81L_6base646decode11DecodeErrorEB4_
FNDA:0,_RINvNtCscfGVhRPoqF0_12tcc_opet_lib14backup_service12backup_errorNtNtCsfz0WBQCR7wK_8rusqlite5error5ErrorEB4_
FNDA:0,_RINvNtCscfGVhRPoqF0_12tcc_opet_lib14backup_service12backup_errorNtNtNtCs9hLsKkECTMM_3std2io5error5ErrorEB4_
FNDA:0,_RINvNtCscfGVhRPoqF0_12tcc_opet_lib14backup_service12backup_errorReEB4_
FNDA:0,_RNCNCNvNtCscfGVhRPoqF0_12tcc_opet_lib14backup_service24export_backup_with_pathss_00B7_
FNDA:0,_RNCNCNvNtCscfGVhRPoqF0_12tcc_opet_lib14backup_service24export_backup_with_pathss_0s_0B7_
FNDA:0,_RNCNCNvNtCscfGVhRPoqF0_12tcc_opet_lib14backup_service24is_safe_attachment_entry00B7_
FNDA:0,_RNCNCNvNtCscfGVhRPoqF0_12tcc_opet_lib14backup_service24is_safe_attachment_entrys_00B7_
FNDA:0,_RNCNCNvNtCscfGVhRPoqF0_12tcc_opet_lib14backup_service25restore_backup_with_pathss_00B7_
FNDA:0,_RNCNCNvNtCscfGVhRPoqF0_12tcc_opet_lib14backup_service25restore_backup_with_pathss_0s0_0B7_
FNDA:0,_RNCNCNvNtCscfGVhRPoqF0_12tcc_opet_lib14backup_service25restore_backup_with_pathss_0s1_0B7_
FNDA:0,_RNCNCNvNtCscfGVhRPoqF0_12tcc_opet_lib14backup_service25restore_backup_with_pathss_0s_0B7_
FNDA:0,_RNCNvNtCscfGVhRPoqF0_12tcc_opet_lib14backup_service19backup_envelope_key0B5_
FNDA:0,_RNCNvNtCscfGVhRPoqF0_12tcc_opet_lib14backup_service20activate_backup_file0B5_
FNDA:0,_RNCNvNtCscfGVhRPoqF0_12tcc_opet_lib14backup_service22decrypt_backup_archive0B5_
FNDA:0,_RNCNvNtCscfGVhRPoqF0_12tcc_opet_lib14backup_service22decrypt_backup_archives0_0B5_
FNDA:0,_RNCNvNtCscfGVhRPoqF0_12tcc_opet_lib14backup_service22decrypt_backup_archives_0B5_
FNDA:0,_RNCNvNtCscfGVhRPoqF0_12tcc_opet_lib14backup_service22encrypt_backup_archive0B5_
FNDA:0,_RNCNvNtCscfGVhRPoqF0_12tcc_opet_lib14backup_service24export_backup_with_paths0B5_
FNDA:0,_RNCNvNtCscfGVhRPoqF0_12tcc_opet_lib14backup_service24export_backup_with_pathss_0B5_
FNDA:0,_RNCNvNtCscfGVhRPoqF0_12tcc_opet_lib14backup_service24is_safe_attachment_entry0B5_
FNDA:0,_RNCNvNtCscfGVhRPoqF0_12tcc_opet_lib14backup_service24is_safe_attachment_entrys_0B5_
FNDA:0,_RNCNvNtCscfGVhRPoqF0_12tcc_opet_lib14backup_service24validate_archive_entries0B5_
FNDA:0,_RNCNvNtCscfGVhRPoqF0_12tcc_opet_lib14backup_service24validate_database_schema0B5_
FNDA:0,_RNCNvNtCscfGVhRPoqF0_12tcc_opet_lib14backup_service25restore_backup_with_paths0B5_
FNDA:0,_RNCNvNtCscfGVhRPoqF0_12tcc_opet_lib14backup_service25restore_backup_with_pathss_0B5_
FNDA:0,_RNCNvNtCscfGVhRPoqF0_12tcc_opet_lib14backup_service29export_backup_with_passphrase0B5_
FNDA:0,_RNCNvNtCscfGVhRPoqF0_12tcc_opet_lib14backup_service29export_backup_with_passphrases_0B5_
FNDA:0,_RNCNvNtCscfGVhRPoqF0_12tcc_opet_lib14backup_service30restore_backup_with_passphrase0B5_
FNDA:0,_RNCNvNtCscfGVhRPoqF0_12tcc_opet_lib14backup_service30restore_backup_with_passphrases_0B5_
FNDA:0,_RINvNtCs2xcy2wfoTh8_12tcc_opet_lib14backup_service12backup_errorNtCs9CRsy2zN21X_4aead5ErrorEB4_
FNDA:1,_RINvNtCs2xcy2wfoTh8_12tcc_opet_lib14backup_service12backup_errorNtNtCs4zoUfzvIron_3zip6result8ZipErrorEB4_
FNDA:0,_RINvNtCs2xcy2wfoTh8_12tcc_opet_lib14backup_service12backup_errorNtNtCs7QTwUgDMpKV_6argon25error5ErrorEB4_
FNDA:0,_RINvNtCs2xcy2wfoTh8_12tcc_opet_lib14backup_service12backup_errorNtNtCs7dTDQl1DYhd_4core5array17TryFromSliceErrorEB4_
FNDA:0,_RINvNtCs2xcy2wfoTh8_12tcc_opet_lib14backup_service12backup_errorNtNtCsaUIxoO4qNK8_10serde_json5error5ErrorEB4_
FNDA:0,_RINvNtCs2xcy2wfoTh8_12tcc_opet_lib14backup_service12backup_errorNtNtCseED3wRbs81L_6base646decode11DecodeErrorEB4_
FNDA:0,_RINvNtCs2xcy2wfoTh8_12tcc_opet_lib14backup_service12backup_errorNtNtCsfz0WBQCR7wK_8rusqlite5error5ErrorEB4_
FNDA:0,_RINvNtCs2xcy2wfoTh8_12tcc_opet_lib14backup_service12backup_errorNtNtNtCs9hLsKkECTMM_3std2io5error5ErrorEB4_
FNDA:0,_RINvNtCs2xcy2wfoTh8_12tcc_opet_lib14backup_service12backup_errorReEB4_
FNDA:3,_RNCNCNvNtCs2xcy2wfoTh8_12tcc_opet_lib14backup_service24export_backup_with_pathss_00B7_
FNDA:0,_RNCNCNvNtCs2xcy2wfoTh8_12tcc_opet_lib14backup_service24export_backup_with_pathss_0s_0B7_
FNDA:2,_RNCNCNvNtCs2xcy2wfoTh8_12tcc_opet_lib14backup_service24is_safe_attachment_entry00B7_
FNDA:2,_RNCNCNvNtCs2xcy2wfoTh8_12tcc_opet_lib14backup_service24is_safe_attachment_entrys_00B7_
FNDA:0,_RNCNCNvNtCs2xcy2wfoTh8_12tcc_opet_lib14backup_service25restore_backup_with_pathss_00B7_
FNDA:3,_RNCNCNvNtCs2xcy2wfoTh8_12tcc_opet_lib14backup_service25restore_backup_with_pathss_0s0_0B7_
FNDA:3,_RNCNCNvNtCs2xcy2wfoTh8_12tcc_opet_lib14backup_service25restore_backup_with_pathss_0s1_0B7_
FNDA:0,_RNCNCNvNtCs2xcy2wfoTh8_12tcc_opet_lib14backup_service25restore_backup_with_pathss_0s_0B7_
FNDA:5,_RNCNvNtCs2xcy2wfoTh8_12tcc_opet_lib14backup_service19backup_envelope_key0B5_
FNDA:0,_RNCNvNtCs2xcy2wfoTh8_12tcc_opet_lib14backup_service20activate_backup_file0B5_
FNDA:0,_RNCNvNtCs2xcy2wfoTh8_12tcc_opet_lib14backup_service22decrypt_backup_archive0B5_
FNDA:3,_RNCNvNtCs2xcy2wfoTh8_12tcc_opet_lib14backup_service22decrypt_backup_archives0_0B5_
FNDA:6,_RNCNvNtCs2xcy2wfoTh8_12tcc_opet_lib14backup_service22decrypt_backup_archives_0B5_
FNDA:5,_RNCNvNtCs2xcy2wfoTh8_12tcc_opet_lib14backup_service22encrypt_backup_archive0B5_
FNDA:0,_RNCNvNtCs2xcy2wfoTh8_12tcc_opet_lib14backup_service24export_backup_with_paths0B5_
FNDA:5,_RNCNvNtCs2xcy2wfoTh8_12tcc_opet_lib14backup_service24export_backup_with_pathss_0B5_
FNDA:2,_RNCNvNtCs2xcy2wfoTh8_12tcc_opet_lib14backup_service24is_safe_attachment_entry0B5_
FNDA:2,_RNCNvNtCs2xcy2wfoTh8_12tcc_opet_lib14backup_service24is_safe_attachment_entrys_0B5_
FNDA:0,_RNCNvNtCs2xcy2wfoTh8_12tcc_opet_lib14backup_service24validate_archive_entries0B5_
FNDA:70,_RNCNvNtCs2xcy2wfoTh8_12tcc_opet_lib14backup_service24validate_database_schema0B5_
FNDA:0,_RNCNvNtCs2xcy2wfoTh8_12tcc_opet_lib14backup_service25restore_backup_with_paths0B5_
FNDA:6,_RNCNvNtCs2xcy2wfoTh8_12tcc_opet_lib14backup_service25restore_backup_with_pathss_0B5_
FNDA:0,_RNCNvNtCs2xcy2wfoTh8_12tcc_opet_lib14backup_service29export_backup_with_passphrase0B5_
FNDA:4,_RNCNvNtCs2xcy2wfoTh8_12tcc_opet_lib14backup_service29export_backup_with_passphrases_0B5_
FNDA:0,_RNCNvNtCs2xcy2wfoTh8_12tcc_opet_lib14backup_service30restore_backup_with_passphrase0B5_
FNDA:1,_RNCNvNtCs2xcy2wfoTh8_12tcc_opet_lib14backup_service30restore_backup_with_passphrases_0B5_
FNDA:1,_RNCNvNtNtCs2xcy2wfoTh8_12tcc_opet_lib14backup_service5testss_45exports_and_restores_database_and_attachments0B7_
FNDA:219,_RNvNtCs2xcy2wfoTh8_12tcc_opet_lib14backup_service11zip_options
FNDA:3,_RNvNtCs2xcy2wfoTh8_12tcc_opet_lib14backup_service14inspect_backup
FNDA:6,_RNvNtCs2xcy2wfoTh8_12tcc_opet_lib14backup_service15backup_manifest
FNDA:5,_RNvNtCs2xcy2wfoTh8_12tcc_opet_lib14backup_service15create_snapshot
FNDA:6,_RNvNtCs2xcy2wfoTh8_12tcc_opet_lib14backup_service17validate_manifest
FNDA:13,_RNvNtCs2xcy2wfoTh8_12tcc_opet_lib14backup_service19backup_envelope_key
FNDA:9,_RNvNtCs2xcy2wfoTh8_12tcc_opet_lib14backup_service20activate_backup_file
FNDA:7,_RNvNtCs2xcy2wfoTh8_12tcc_opet_lib14backup_service22decrypt_backup_archive
FNDA:7,_RNvNtCs2xcy2wfoTh8_12tcc_opet_lib14backup_service22encrypt_backup_archive
FNDA:5,_RNvNtCs2xcy2wfoTh8_12tcc_opet_lib14backup_service24export_backup_with_paths
FNDA:2,_RNvNtCs2xcy2wfoTh8_12tcc_opet_lib14backup_service24is_safe_attachment_entry
FNDA:5,_RNvNtCs2xcy2wfoTh8_12tcc_opet_lib14backup_service24validate_archive_entries
FNDA:5,_RNvNtCs2xcy2wfoTh8_12tcc_opet_lib14backup_service24validate_database_schema
FNDA:6,_RNvNtCs2xcy2wfoTh8_12tcc_opet_lib14backup_service25restore_backup_with_paths
FNDA:2,_RNvNtCs2xcy2wfoTh8_12tcc_opet_lib14backup_service26validate_backup_passphrase
FNDA:4,_RNvNtCs2xcy2wfoTh8_12tcc_opet_lib14backup_service29export_backup_with_passphrase
FNDA:3,_RNvNtCs2xcy2wfoTh8_12tcc_opet_lib14backup_service30restore_backup_with_passphrase
FNDA:8,_RNvNtCs2xcy2wfoTh8_12tcc_opet_lib14backup_service31validate_backup_envelope_header
FNDA:8,_RNvNtNtCs2xcy2wfoTh8_12tcc_opet_lib14backup_service5tests9temp_path
FNDA:1,_RNvNtNtCs2xcy2wfoTh8_12tcc_opet_lib14backup_service5testss_40restore_rejects_an_incompatible_manifest
FNDA:1,_RNvNtNtCs2xcy2wfoTh8_12tcc_opet_lib14backup_service5testss_45exports_and_restores_database_and_attachments
FNDA:1,_RNvNtNtCs2xcy2wfoTh8_12tcc_opet_lib14backup_service5testss_46restore_rejects_archives_with_too_many_entries
FNDA:1,_RNvNtNtCs2xcy2wfoTh8_12tcc_opet_lib14backup_service5testss_47restores_legacy_backup_when_its_schema_is_valid
FNDA:1,_RNvNtNtCs2xcy2wfoTh8_12tcc_opet_lib14backup_service5testss_56exports_format_three_and_accepts_all_supported_manifests
FNDA:1,_RNvNtNtCs2xcy2wfoTh8_12tcc_opet_lib14backup_service5testss_57inspection_reports_whether_a_backup_requires_a_passphrase
FNDA:1,_RNvNtNtCs2xcy2wfoTh8_12tcc_opet_lib14backup_service5testss_58password_protected_backup_requires_the_original_passphrase
FNDA:1,_RNvNtNtCs2xcy2wfoTh8_12tcc_opet_lib14backup_service5testss_58validates_a_password_protected_backup_without_restoring_it
FNF:55
FNH:45
DA:83,1
DA:84,1
DA:85,1
DA:86,1
DA:88,1
DA:90,9
DA:91,9
DA:92,9
DA:93,9
DA:94,9
DA:95,9
DA:96,9
DA:97,0
DA:98,9
DA:99,9
DA:100,0
DA:101,0
DA:102,0
DA:103,0
DA:104,9
DA:105,9
DA:106,0
DA:107,9
DA:108,9
DA:109,9
DA:111,13
DA:112,13
DA:113,13
DA:114,13
DA:115,13
DA:116,13
DA:117,2
DA:118,2
DA:119,2
DA:120,2
DA:121,2
DA:122,11
DA:123,11
DA:124,5
DA:126,5
DA:127,5
DA:128,5
DA:129,11
DA:130,11
DA:131,11
DA:132,11
DA:133,11
DA:134,13
DA:136,7
DA:137,7
DA:138,7
DA:141,7
DA:142,7
DA:144,7
DA:145,7
DA:146,7
DA:147,7
DA:148,7
DA:149,7
DA:150,7
DA:151,7
DA:152,7
DA:153,7
DA:155,7
DA:156,7
DA:157,7
DA:159,7
DA:160,7
DA:161,7
DA:162,7
DA:163,7
DA:164,7
DA:165,7
DA:167,8
DA:168,8
DA:169,8
DA:171,0
DA:172,0
DA:173,0
DA:174,8
DA:175,8
DA:176,0
DA:177,8
DA:178,8
DA:179,8
DA:181,3
DA:182,3
DA:183,3
DA:184,0
DA:185,0
DA:186,0
DA:187,3
DA:189,3
DA:190,3
DA:191,3
DA:192,3
DA:193,1
DA:194,1
DA:195,1
DA:196,2
DA:198,2
DA:199,2
DA:200,2
DA:201,2
DA:203,2
DA:204,0
DA:205,2
DA:206,2
DA:207,2
DA:208,2
DA:209,2
DA:210,2
DA:211,2
DA:212,2
DA:213,2
DA:214,3
DA:216,2
DA:217,2
DA:218,2
DA:219,0
DA:220,0
DA:221,0
DA:222,2
DA:224,2
DA:225,2
DA:226,0
DA:227,0
DA:228,0
DA:229,0
DA:231,1
DA:232,2
DA:234,7
DA:235,7
DA:236,7
DA:237,7
DA:238,7
DA:239,1
DA:240,6
DA:241,6
DA:242,6
DA:243,6
DA:244,0
DA:245,6
DA:246,6
DA:247,6
DA:248,6
DA:249,6
DA:251,6
DA:252,6
DA:253,6
DA:254,6
DA:255,6
DA:256,0
DA:257,6
DA:258,6
DA:259,6
DA:260,6
DA:261,6
DA:262,6
DA:263,6
DA:264,6
DA:265,6
DA:266,6
DA:267,6
DA:268,6
DA:269,6
DA:270,6
DA:271,6
DA:272,0
DA:273,0
DA:274,0
DA:275,0
DA:276,6
DA:277,6
DA:278,6
DA:279,6
DA:280,6
DA:281,6
DA:282,6
DA:283,6
DA:284,6
DA:285,6
DA:287,6
DA:288,3
DA:292,3
DA:293,3
DA:294,7
DA:296,5
DA:297,5
DA:298,3
DA:299,3
DA:300,3
DA:301,3
DA:303,2
DA:304,2
DA:305,2
DA:306,2
DA:308,5
DA:309,5
DA:311,219
DA:312,219
DA:313,219
DA:314,219
DA:315,219
DA:317,6
DA:318,6
DA:319,6
DA:320,6
DA:321,6
DA:322,6
DA:323,6
DA:325,6
DA:326,6
DA:327,1
DA:328,1
DA:329,1
DA:330,1
DA:331,5
DA:332,5
DA:333,3
DA:335,0
DA:336,0
DA:337,0
DA:338,0
DA:339,5
DA:340,5
DA:341,6
DA:343,5
DA:344,5
DA:345,5
DA:346,5
DA:347,5
DA:348,5
DA:349,0
DA:353,0
DA:354,5
DA:356,5
DA:357,5
DA:358,5
DA:359,5
DA:361,5
DA:362,5
DA:363,5
DA:364,5
DA:365,5
DA:366,5
DA:367,5
DA:368,5
DA:369,5
DA:370,5
DA:371,5
DA:372,5
DA:373,5
DA:374,5
DA:375,5
DA:376,5
DA:378,5
DA:379,5
DA:380,4
DA:381,3
DA:382,3
DA:383,3
DA:384,3
DA:385,0
DA:386,3
DA:387,3
DA:388,0
DA:389,0
DA:390,0
DA:391,0
DA:392,3
DA:393,3
DA:394,0
DA:395,0
DA:396,0
DA:397,0
DA:398,3
DA:399,3
DA:400,3
DA:401,3
DA:402,3
DA:403,0
DA:407,0
DA:408,3
DA:409,3
DA:410,3
DA:411,3
DA:412,3
DA:413,3
DA:414,3
DA:416,1
DA:417,5
DA:418,5
DA:419,5
DA:421,5
DA:422,5
DA:423,5
DA:424,5
DA:427,5
DA:428,5
DA:429,5
DA:430,5
DA:432,4
DA:433,4
DA:434,4
DA:435,4
DA:436,4
DA:437,4
DA:438,4
DA:439,4
DA:440,4
DA:441,4
DA:442,4
DA:443,4
DA:444,4
DA:445,4
DA:446,4
DA:447,4
DA:448,4
DA:449,4
DA:450,4
DA:451,4
DA:452,4
DA:453,4
DA:454,4
DA:455,4
DA:457,4
DA:458,4
DA:459,4
DA:461,2
DA:462,2
DA:463,2
DA:464,2
DA:465,2
DA:466,2
DA:467,2
DA:468,2
DA:469,2
DA:470,2
DA:471,2
DA:473,5
DA:474,5
DA:475,1
DA:476,1
DA:477,1
DA:478,1
DA:479,4
DA:481,4
DA:482,4
DA:483,4
DA:484,4
DA:485,9
DA:486,9
DA:487,9
DA:488,9
DA:489,0
DA:490,0
DA:491,0
DA:492,0
DA:493,9
DA:494,9
DA:495,0
DA:499,0
DA:500,9
DA:501,0
DA:502,0
DA:503,0
DA:504,0
DA:505,9
DA:507,9
DA:508,9
DA:509,6
DA:510,2
DA:511,2
DA:512,2
DA:514,0
DA:515,0
DA:516,0
DA:517,0
DA:522,4
DA:523,0
DA:524,0
DA:525,0
DA:526,0
DA:527,4
DA:528,4
DA:529,0
DA:530,0
DA:531,0
DA:532,0
DA:533,4
DA:534,4
DA:535,5
DA:537,5
DA:538,70
DA:539,70
DA:540,70
DA:541,70
DA:542,70
DA:543,70
DA:545,70
DA:546,70
DA:547,0
DA:548,0
DA:549,0
DA:550,0
DA:551,70
DA:554,5
DA:555,5
DA:556,5
DA:557,5
DA:558,5
DA:559,0
DA:560,0
DA:561,0
DA:562,0
DA:563,5
DA:564,5
DA:565,5
DA:567,6
DA:568,6
DA:569,6
DA:570,6
DA:571,6
DA:572,6
DA:573,0
DA:577,0
DA:578,6
DA:579,6
DA:580,6
DA:581,6
DA:583,6
DA:584,6
DA:585,6
DA:586,0
DA:587,0
DA:588,0
DA:589,0
DA:590,6
DA:591,6
DA:592,0
DA:593,0
DA:594,0
DA:595,0
DA:596,6
DA:597,6
DA:598,6
DA:599,5
DA:600,4
DA:601,3
DA:602,3
DA:603,3
DA:604,2
DA:606,1
DA:607,0
DA:609,3
DA:610,0
DA:614,0
DA:615,3
DA:616,3
DA:617,3
DA:618,3
DA:620,3
DA:621,3
DA:622,2
DA:623,2
DA:624,2
DA:625,2
DA:626,2
DA:627,2
DA:628,2
DA:629,2
DA:630,2
DA:631,2
DA:632,2
DA:634,3
DA:636,3
DA:637,3
DA:638,2
DA:640,1
DA:642,3
DA:643,2
DA:644,1
DA:645,3
DA:646,3
DA:647,3
DA:648,3
DA:649,0
DA:650,0
DA:651,0
DA:652,0
DA:653,3
DA:654,3
DA:655,3
DA:657,3
DA:658,2
DA:659,2
DA:660,1
DA:661,3
DA:662,3
DA:663,3
DA:664,3
DA:665,0
DA:666,3
DA:668,3
DA:669,3
DA:670,3
DA:671,3
DA:672,3
DA:673,3
DA:674,1
DA:675,2
DA:676,3
DA:677,0
DA:678,0
DA:679,0
DA:680,0
DA:681,0
DA:682,0
DA:683,3
DA:685,3
DA:686,3
DA:687,3
DA:688,3
DA:689,3
DA:690,3
DA:692,3
DA:693,0
DA:694,0
DA:695,0
DA:696,0
DA:697,0
DA:698,0
DA:699,0
DA:700,0
DA:701,0
DA:702,0
DA:703,0
DA:704,0
DA:705,0
DA:706,0
DA:707,0
DA:708,3
DA:710,3
DA:711,1
DA:712,2
DA:713,3
DA:714,0
DA:715,3
DA:717,3
DA:718,3
DA:719,3
DA:720,3
DA:723,6
DA:724,6
DA:725,6
DA:727,3
DA:728,3
DA:729,3
DA:730,3
DA:731,3
DA:732,3
DA:733,3
DA:734,3
DA:736,0
DA:737,0
DA:738,0
DA:739,3
DA:740,3
DA:741,3
DA:742,1
DA:744,1
DA:745,1
DA:746,1
DA:747,1
DA:748,1
DA:749,1
DA:750,1
DA:751,1
DA:753,1
DA:754,1
DA:755,3
DA:762,8
DA:763,8
DA:764,8
DA:767,1
DA:768,1
DA:769,1
DA:770,1
DA:771,1
DA:772,1
DA:773,1
DA:774,1
DA:775,1
DA:776,1
DA:777,1
DA:779,1
DA:780,1
DA:781,1
DA:783,1
DA:784,1
DA:785,1
DA:786,1
DA:788,1
DA:789,1
DA:790,1
DA:791,1
DA:792,1
DA:793,1
DA:794,1
DA:795,1
DA:796,1
DA:798,1
DA:799,1
DA:800,1
DA:801,1
DA:802,1
DA:803,1
DA:805,1
DA:806,1
DA:808,1
DA:809,1
DA:810,1
DA:813,1
DA:814,1
DA:815,1
DA:816,1
DA:817,1
DA:818,1
DA:819,1
DA:820,1
DA:821,1
DA:822,1
DA:823,1
DA:824,1
DA:825,1
DA:827,1
DA:828,1
DA:829,1
DA:830,1
DA:832,1
DA:834,1
DA:835,1
DA:836,1
DA:839,1
DA:840,1
DA:841,3
DA:842,3
DA:843,3
DA:844,3
DA:845,3
DA:846,3
DA:847,3
DA:849,1
DA:852,1
DA:853,1
DA:855,1
DA:856,1
DA:857,1
DA:858,1
DA:859,1
DA:862,1
DA:865,1
DA:866,1
DA:867,1
DA:868,1
DA:869,1
DA:871,1
DA:873,1
DA:874,1
DA:876,1
DA:877,1
DA:880,1
DA:881,1
DA:882,1
DA:883,1
DA:884,1
DA:886,1
DA:887,1
DA:889,1
DA:890,1
DA:891,1
DA:893,1
DA:894,1
DA:895,1
DA:898,1
DA:899,1
DA:900,1
DA:901,1
DA:902,1
DA:903,1
DA:904,1
DA:906,1
DA:907,1
DA:908,1
DA:909,1
DA:910,1
DA:911,1
DA:912,1
DA:913,1
DA:915,1
DA:916,1
DA:917,1
DA:919,1
DA:920,1
DA:921,1
DA:924,1
DA:925,1
DA:926,1
DA:927,1
DA:928,1
DA:929,1
DA:930,203
DA:931,203
DA:932,203
DA:933,203
DA:934,203
DA:935,203
DA:936,1
DA:938,1
DA:939,1
DA:940,1
DA:941,1
DA:943,1
DA:945,1
DA:946,1
DA:947,1
BRF:0
BRH:0
LF:758
LH:626
end_of_record
SF:/mnt/gustavo/tcc/tcc-opet/src-tauri/src/commands/attachment_commands.rs
FN:91,_RNCNCNCNvCscfGVhRPoqF0_12tcc_opet_lib3runs_0s0_00B7_
FN:115,_RNCNCNCNvCscfGVhRPoqF0_12tcc_opet_lib3runs_0s_00B7_
FN:33,_RNvXs_NtNtCscfGVhRPoqF0_12tcc_opet_lib8commands19attachment_commandsNtB4_28PendingAttachmentReservationNtNtNtCs7dTDQl1DYhd_4core3ops4drop4Drop4drop
FN:128,_RNCNCNCNCNvNtNtCscfGVhRPoqF0_12tcc_opet_lib8commands19attachment_commands40select_pending_service_order_attachments0000Bd_
FN:130,_RNCNCNCNCNvNtNtCscfGVhRPoqF0_12tcc_opet_lib8commands19attachment_commands40select_pending_service_order_attachments000s_0Bd_
FN:126,_RNCNCNCNvNtNtCscfGVhRPoqF0_12tcc_opet_lib8commands19attachment_commands40select_pending_service_order_attachments000Bb_
FN:141,_RNCNCNCNvNtNtCscfGVhRPoqF0_12tcc_opet_lib8commands19attachment_commands40select_pending_service_order_attachments00s_0Bb_
FN:81,_RNCNCNvNtNtCscfGVhRPoqF0_12tcc_opet_lib8commands19attachment_commands21pick_attachment_paths00B9_
FN:96,_RNCNCNvNtNtCscfGVhRPoqF0_12tcc_opet_lib8commands19attachment_commands32select_service_order_attachments00B9_
FN:107,_RNCNCNvNtNtCscfGVhRPoqF0_12tcc_opet_lib8commands19attachment_commands32select_service_order_attachments0s_0B9_
FN:119,_RNCNCNvNtNtCscfGVhRPoqF0_12tcc_opet_lib8commands19attachment_commands40select_pending_service_order_attachments00B9_
FN:151,_RNCNCNvNtNtCscfGVhRPoqF0_12tcc_opet_lib8commands19attachment_commands40select_pending_service_order_attachments0s_0B9_
FN:80,_RNCNvNtNtCscfGVhRPoqF0_12tcc_opet_lib8commands19attachment_commands21pick_attachment_paths0B7_
FN:15,_RNCNvNtNtCscfGVhRPoqF0_12tcc_opet_lib8commands19attachment_commands29PENDING_ATTACHMENT_SELECTIONS0B7_
FN:95,_RNCNvNtNtCscfGVhRPoqF0_12tcc_opet_lib8commands19attachment_commands32select_service_order_attachments0B7_
FN:47,_RNCNvNtNtCscfGVhRPoqF0_12tcc_opet_lib8commands19attachment_commands36reserve_pending_attachment_selection0B7_
FN:54,_RNCNvNtNtCscfGVhRPoqF0_12tcc_opet_lib8commands19attachment_commands36reserve_pending_attachment_selections_0B7_
FN:118,_RNCNvNtNtCscfGVhRPoqF0_12tcc_opet_lib8commands19attachment_commands40select_pending_service_order_attachments0B7_
FN:23,_RNvMNtNtCscfGVhRPoqF0_12tcc_opet_lib8commands19attachment_commandsNtB2_28PendingAttachmentReservation5paths
FN:27,_RNvMNtNtCscfGVhRPoqF0_12tcc_opet_lib8commands19attachment_commandsNtB2_28PendingAttachmentReservation6commit
FN:73,_RNvNtNtCscfGVhRPoqF0_12tcc_opet_lib8commands19attachment_commands21pick_attachment_paths
FN:184,_RNvNtNtCscfGVhRPoqF0_12tcc_opet_lib8commands19attachment_commands29get_service_order_attachments
FN:198,_RNvNtNtCscfGVhRPoqF0_12tcc_opet_lib8commands19attachment_commands29read_service_order_attachment
FN:193,_RNvNtNtCscfGVhRPoqF0_12tcc_opet_lib8commands19attachment_commands31delete_service_order_attachment
FN:203,_RNvNtNtCscfGVhRPoqF0_12tcc_opet_lib8commands19attachment_commands31export_service_order_attachment
FN:92,_RNvNtNtCscfGVhRPoqF0_12tcc_opet_lib8commands19attachment_commands32select_service_order_attachments
FN:42,_RNvNtNtCscfGVhRPoqF0_12tcc_opet_lib8commands19attachment_commands36reserve_pending_attachment_selection
FN:160,_RNvNtNtCscfGVhRPoqF0_12tcc_opet_lib8commands19attachment_commands40attach_pending_service_order_attachments
FN:116,_RNvNtNtCscfGVhRPoqF0_12tcc_opet_lib8commands19attachment_commands40select_pending_service_order_attachments
FN:177,_RNvNtNtCscfGVhRPoqF0_12tcc_opet_lib8commands19attachment_commands41discard_pending_service_order_attachments
FN:91,_RNCNCNCNvCs2xcy2wfoTh8_12tcc_opet_lib3runs_0s0_00B7_
FN:115,_RNCNCNCNvCs2xcy2wfoTh8_12tcc_opet_lib3runs_0s_00B7_
FN:92,_RNvNtNtCs2xcy2wfoTh8_12tcc_opet_lib8commands19attachment_commands32select_service_order_attachments
FN:116,_RNvNtNtCs2xcy2wfoTh8_12tcc_opet_lib8commands19attachment_commands40select_pending_service_order_attachments
FN:128,_RNCNCNCNCNvNtNtCs2xcy2wfoTh8_12tcc_opet_lib8commands19attachment_commands40select_pending_service_order_attachments0000Bd_
FN:130,_RNCNCNCNCNvNtNtCs2xcy2wfoTh8_12tcc_opet_lib8commands19attachment_commands40select_pending_service_order_attachments000s_0Bd_
FN:126,_RNCNCNCNvNtNtCs2xcy2wfoTh8_12tcc_opet_lib8commands19attachment_commands40select_pending_service_order_attachments000Bb_
FN:141,_RNCNCNCNvNtNtCs2xcy2wfoTh8_12tcc_opet_lib8commands19attachment_commands40select_pending_service_order_attachments00s_0Bb_
FN:81,_RNCNCNvNtNtCs2xcy2wfoTh8_12tcc_opet_lib8commands19attachment_commands21pick_attachment_paths00B9_
FN:96,_RNCNCNvNtNtCs2xcy2wfoTh8_12tcc_opet_lib8commands19attachment_commands32select_service_order_attachments00B9_
FN:107,_RNCNCNvNtNtCs2xcy2wfoTh8_12tcc_opet_lib8commands19attachment_commands32select_service_order_attachments0s_0B9_
FN:119,_RNCNCNvNtNtCs2xcy2wfoTh8_12tcc_opet_lib8commands19attachment_commands40select_pending_service_order_attachments00B9_
FN:151,_RNCNCNvNtNtCs2xcy2wfoTh8_12tcc_opet_lib8commands19attachment_commands40select_pending_service_order_attachments0s_0B9_
FN:80,_RNCNvNtNtCs2xcy2wfoTh8_12tcc_opet_lib8commands19attachment_commands21pick_attachment_paths0B7_
FN:15,_RNCNvNtNtCs2xcy2wfoTh8_12tcc_opet_lib8commands19attachment_commands29PENDING_ATTACHMENT_SELECTIONS0B7_
FN:95,_RNCNvNtNtCs2xcy2wfoTh8_12tcc_opet_lib8commands19attachment_commands32select_service_order_attachments0B7_
FN:47,_RNCNvNtNtCs2xcy2wfoTh8_12tcc_opet_lib8commands19attachment_commands36reserve_pending_attachment_selection0B7_
FN:54,_RNCNvNtNtCs2xcy2wfoTh8_12tcc_opet_lib8commands19attachment_commands36reserve_pending_attachment_selections_0B7_
FN:118,_RNCNvNtNtCs2xcy2wfoTh8_12tcc_opet_lib8commands19attachment_commands40select_pending_service_order_attachments0B7_
FN:33,_RNvXs_NtNtCs2xcy2wfoTh8_12tcc_opet_lib8commands19attachment_commandsNtB4_28PendingAttachmentReservationNtNtNtCs7dTDQl1DYhd_4core3ops4drop4Drop4drop
FN:23,_RNvMNtNtCs2xcy2wfoTh8_12tcc_opet_lib8commands19attachment_commandsNtB2_28PendingAttachmentReservation5paths
FN:27,_RNvMNtNtCs2xcy2wfoTh8_12tcc_opet_lib8commands19attachment_commandsNtB2_28PendingAttachmentReservation6commit
FN:73,_RNvNtNtCs2xcy2wfoTh8_12tcc_opet_lib8commands19attachment_commands21pick_attachment_paths
FN:184,_RNvNtNtCs2xcy2wfoTh8_12tcc_opet_lib8commands19attachment_commands29get_service_order_attachments
FN:198,_RNvNtNtCs2xcy2wfoTh8_12tcc_opet_lib8commands19attachment_commands29read_service_order_attachment
FN:193,_RNvNtNtCs2xcy2wfoTh8_12tcc_opet_lib8commands19attachment_commands31delete_service_order_attachment
FN:203,_RNvNtNtCs2xcy2wfoTh8_12tcc_opet_lib8commands19attachment_commands31export_service_order_attachment
FN:42,_RNvNtNtCs2xcy2wfoTh8_12tcc_opet_lib8commands19attachment_commands36reserve_pending_attachment_selection
FN:160,_RNvNtNtCs2xcy2wfoTh8_12tcc_opet_lib8commands19attachment_commands40attach_pending_service_order_attachments
FN:177,_RNvNtNtCs2xcy2wfoTh8_12tcc_opet_lib8commands19attachment_commands41discard_pending_service_order_attachments
FNDA:0,_RNCNCNCNvCscfGVhRPoqF0_12tcc_opet_lib3runs_0s0_00B7_
FNDA:0,_RNCNCNCNvCscfGVhRPoqF0_12tcc_opet_lib3runs_0s_00B7_
FNDA:0,_RNvXs_NtNtCscfGVhRPoqF0_12tcc_opet_lib8commands19attachment_commandsNtB4_28PendingAttachmentReservationNtNtNtCs7dTDQl1DYhd_4core3ops4drop4Drop4drop
FNDA:0,_RNCNCNCNCNvNtNtCscfGVhRPoqF0_12tcc_opet_lib8commands19attachment_commands40select_pending_service_order_attachments0000Bd_
FNDA:0,_RNCNCNCNCNvNtNtCscfGVhRPoqF0_12tcc_opet_lib8commands19attachment_commands40select_pending_service_order_attachments000s_0Bd_
FNDA:0,_RNCNCNCNvNtNtCscfGVhRPoqF0_12tcc_opet_lib8commands19attachment_commands40select_pending_service_order_attachments000Bb_
FNDA:0,_RNCNCNCNvNtNtCscfGVhRPoqF0_12tcc_opet_lib8commands19attachment_commands40select_pending_service_order_attachments00s_0Bb_
FNDA:0,_RNCNCNvNtNtCscfGVhRPoqF0_12tcc_opet_lib8commands19attachment_commands21pick_attachment_paths00B9_
FNDA:0,_RNCNCNvNtNtCscfGVhRPoqF0_12tcc_opet_lib8commands19attachment_commands32select_service_order_attachments00B9_
FNDA:0,_RNCNCNvNtNtCscfGVhRPoqF0_12tcc_opet_lib8commands19attachment_commands32select_service_order_attachments0s_0B9_
FNDA:0,_RNCNCNvNtNtCscfGVhRPoqF0_12tcc_opet_lib8commands19attachment_commands40select_pending_service_order_attachments00B9_
FNDA:0,_RNCNCNvNtNtCscfGVhRPoqF0_12tcc_opet_lib8commands19attachment_commands40select_pending_service_order_attachments0s_0B9_
FNDA:0,_RNCNvNtNtCscfGVhRPoqF0_12tcc_opet_lib8commands19attachment_commands21pick_attachment_paths0B7_
FNDA:0,_RNCNvNtNtCscfGVhRPoqF0_12tcc_opet_lib8commands19attachment_commands29PENDING_ATTACHMENT_SELECTIONS0B7_
FNDA:0,_RNCNvNtNtCscfGVhRPoqF0_12tcc_opet_lib8commands19attachment_commands32select_service_order_attachments0B7_
FNDA:0,_RNCNvNtNtCscfGVhRPoqF0_12tcc_opet_lib8commands19attachment_commands36reserve_pending_attachment_selection0B7_
FNDA:0,_RNCNvNtNtCscfGVhRPoqF0_12tcc_opet_lib8commands19attachment_commands36reserve_pending_attachment_selections_0B7_
FNDA:0,_RNCNvNtNtCscfGVhRPoqF0_12tcc_opet_lib8commands19attachment_commands40select_pending_service_order_attachments0B7_
FNDA:0,_RNvMNtNtCscfGVhRPoqF0_12tcc_opet_lib8commands19attachment_commandsNtB2_28PendingAttachmentReservation5paths
FNDA:0,_RNvMNtNtCscfGVhRPoqF0_12tcc_opet_lib8commands19attachment_commandsNtB2_28PendingAttachmentReservation6commit
FNDA:0,_RNvNtNtCscfGVhRPoqF0_12tcc_opet_lib8commands19attachment_commands21pick_attachment_paths
FNDA:0,_RNvNtNtCscfGVhRPoqF0_12tcc_opet_lib8commands19attachment_commands29get_service_order_attachments
FNDA:0,_RNvNtNtCscfGVhRPoqF0_12tcc_opet_lib8commands19attachment_commands29read_service_order_attachment
FNDA:0,_RNvNtNtCscfGVhRPoqF0_12tcc_opet_lib8commands19attachment_commands31delete_service_order_attachment
FNDA:0,_RNvNtNtCscfGVhRPoqF0_12tcc_opet_lib8commands19attachment_commands31export_service_order_attachment
FNDA:0,_RNvNtNtCscfGVhRPoqF0_12tcc_opet_lib8commands19attachment_commands32select_service_order_attachments
FNDA:0,_RNvNtNtCscfGVhRPoqF0_12tcc_opet_lib8commands19attachment_commands36reserve_pending_attachment_selection
FNDA:0,_RNvNtNtCscfGVhRPoqF0_12tcc_opet_lib8commands19attachment_commands40attach_pending_service_order_attachments
FNDA:0,_RNvNtNtCscfGVhRPoqF0_12tcc_opet_lib8commands19attachment_commands40select_pending_service_order_attachments
FNDA:0,_RNvNtNtCscfGVhRPoqF0_12tcc_opet_lib8commands19attachment_commands41discard_pending_service_order_attachments
FNDA:0,_RNCNCNCNvCs2xcy2wfoTh8_12tcc_opet_lib3runs_0s0_00B7_
FNDA:0,_RNCNCNCNvCs2xcy2wfoTh8_12tcc_opet_lib3runs_0s_00B7_
FNDA:0,_RNvNtNtCs2xcy2wfoTh8_12tcc_opet_lib8commands19attachment_commands32select_service_order_attachments
FNDA:0,_RNvNtNtCs2xcy2wfoTh8_12tcc_opet_lib8commands19attachment_commands40select_pending_service_order_attachments
FNDA:0,_RNCNCNCNCNvNtNtCs2xcy2wfoTh8_12tcc_opet_lib8commands19attachment_commands40select_pending_service_order_attachments0000Bd_
FNDA:0,_RNCNCNCNCNvNtNtCs2xcy2wfoTh8_12tcc_opet_lib8commands19attachment_commands40select_pending_service_order_attachments000s_0Bd_
FNDA:0,_RNCNCNCNvNtNtCs2xcy2wfoTh8_12tcc_opet_lib8commands19attachment_commands40select_pending_service_order_attachments000Bb_
FNDA:0,_RNCNCNCNvNtNtCs2xcy2wfoTh8_12tcc_opet_lib8commands19attachment_commands40select_pending_service_order_attachments00s_0Bb_
FNDA:0,_RNCNCNvNtNtCs2xcy2wfoTh8_12tcc_opet_lib8commands19attachment_commands21pick_attachment_paths00B9_
FNDA:0,_RNCNCNvNtNtCs2xcy2wfoTh8_12tcc_opet_lib8commands19attachment_commands32select_service_order_attachments00B9_
FNDA:0,_RNCNCNvNtNtCs2xcy2wfoTh8_12tcc_opet_lib8commands19attachment_commands32select_service_order_attachments0s_0B9_
FNDA:0,_RNCNCNvNtNtCs2xcy2wfoTh8_12tcc_opet_lib8commands19attachment_commands40select_pending_service_order_attachments00B9_
FNDA:0,_RNCNCNvNtNtCs2xcy2wfoTh8_12tcc_opet_lib8commands19attachment_commands40select_pending_service_order_attachments0s_0B9_
FNDA:0,_RNCNvNtNtCs2xcy2wfoTh8_12tcc_opet_lib8commands19attachment_commands21pick_attachment_paths0B7_
FNDA:1,_RNCNvNtNtCs2xcy2wfoTh8_12tcc_opet_lib8commands19attachment_commands29PENDING_ATTACHMENT_SELECTIONS0B7_
FNDA:0,_RNCNvNtNtCs2xcy2wfoTh8_12tcc_opet_lib8commands19attachment_commands32select_service_order_attachments0B7_
FNDA:0,_RNCNvNtNtCs2xcy2wfoTh8_12tcc_opet_lib8commands19attachment_commands36reserve_pending_attachment_selection0B7_
FNDA:1,_RNCNvNtNtCs2xcy2wfoTh8_12tcc_opet_lib8commands19attachment_commands36reserve_pending_attachment_selections_0B7_
FNDA:0,_RNCNvNtNtCs2xcy2wfoTh8_12tcc_opet_lib8commands19attachment_commands40select_pending_service_order_attachments0B7_
FNDA:6,_RNvXs_NtNtCs2xcy2wfoTh8_12tcc_opet_lib8commands19attachment_commandsNtB4_28PendingAttachmentReservationNtNtNtCs7dTDQl1DYhd_4core3ops4drop4Drop4drop
FNDA:4,_RNvMNtNtCs2xcy2wfoTh8_12tcc_opet_lib8commands19attachment_commandsNtB2_28PendingAttachmentReservation5paths
FNDA:3,_RNvMNtNtCs2xcy2wfoTh8_12tcc_opet_lib8commands19attachment_commandsNtB2_28PendingAttachmentReservation6commit
FNDA:0,_RNvNtNtCs2xcy2wfoTh8_12tcc_opet_lib8commands19attachment_commands21pick_attachment_paths
FNDA:5,_RNvNtNtCs2xcy2wfoTh8_12tcc_opet_lib8commands19attachment_commands29get_service_order_attachments
FNDA:3,_RNvNtNtCs2xcy2wfoTh8_12tcc_opet_lib8commands19attachment_commands29read_service_order_attachment
FNDA:2,_RNvNtNtCs2xcy2wfoTh8_12tcc_opet_lib8commands19attachment_commands31delete_service_order_attachment
FNDA:0,_RNvNtNtCs2xcy2wfoTh8_12tcc_opet_lib8commands19attachment_commands31export_service_order_attachment
FNDA:7,_RNvNtNtCs2xcy2wfoTh8_12tcc_opet_lib8commands19attachment_commands36reserve_pending_attachment_selection
FNDA:1,_RNvNtNtCs2xcy2wfoTh8_12tcc_opet_lib8commands19attachment_commands40attach_pending_service_order_attachments
FNDA:0,_RNvNtNtCs2xcy2wfoTh8_12tcc_opet_lib8commands19attachment_commands41discard_pending_service_order_attachments
FNF:30
FNH:10
DA:15,1
DA:23,4
DA:24,4
DA:25,4
DA:27,3
DA:28,3
DA:29,3
DA:33,6
DA:34,6
DA:35,3
DA:36,3
DA:37,3
DA:38,3
DA:39,6
DA:42,7
DA:43,7
DA:44,7
DA:45,7
DA:46,7
DA:47,7
DA:48,0
DA:52,0
DA:53,7
DA:54,7
DA:55,1
DA:59,1
DA:60,6
DA:61,6
DA:62,6
DA:63,6
DA:64,7
DA:73,0
DA:74,0
DA:75,0
DA:76,0
DA:77,0
DA:78,0
DA:79,0
DA:80,0
DA:81,0
DA:82,0
DA:83,0
DA:84,0
DA:86,0
DA:87,0
DA:88,0
DA:89,0
DA:91,0
DA:92,0
DA:93,0
DA:94,0
DA:95,0
DA:96,0
DA:97,0
DA:98,0
DA:99,0
DA:100,0
DA:101,0
DA:102,0
DA:103,0
DA:105,0
DA:106,0
DA:107,0
DA:108,0
DA:109,0
DA:110,0
DA:112,0
DA:113,0
DA:115,0
DA:116,0
DA:117,0
DA:118,0
DA:119,0
DA:120,0
DA:121,0
DA:122,0
DA:123,0
DA:124,0
DA:125,0
DA:126,0
DA:127,0
DA:128,0
DA:129,0
DA:130,0
DA:131,0
DA:135,0
DA:136,0
DA:137,0
DA:138,0
DA:139,0
DA:140,0
DA:141,0
DA:142,0
DA:146,0
DA:147,0
DA:148,0
DA:149,0
DA:150,0
DA:151,0
DA:152,0
DA:153,0
DA:154,0
DA:156,0
DA:157,0
DA:160,1
DA:161,1
DA:162,1
DA:163,1
DA:164,1
DA:165,1
DA:166,1
DA:167,1
DA:168,1
DA:169,1
DA:170,1
DA:171,1
DA:172,0
DA:173,0
DA:174,1
DA:177,0
DA:178,0
DA:179,0
DA:180,0
DA:181,0
DA:184,5
DA:185,5
DA:186,5
DA:187,5
DA:188,5
DA:189,0
DA:190,5
DA:193,2
DA:194,2
DA:195,2
DA:198,3
DA:199,3
DA:200,3
DA:203,0
DA:204,0
DA:205,0
BRF:0
BRH:0
LF:159
LH:56
end_of_record
SF:/mnt/gustavo/tcc/tcc-opet/src-tauri/src/commands/checklist_commands.rs
FN:12,_RNvNtNtCscfGVhRPoqF0_12tcc_opet_lib8commands18checklist_commands23get_checklist_templates
FN:7,_RNvNtNtCscfGVhRPoqF0_12tcc_opet_lib8commands18checklist_commands25create_checklist_template
FN:22,_RNvNtNtCscfGVhRPoqF0_12tcc_opet_lib8commands18checklist_commands25delete_checklist_template
FN:27,_RNvNtNtCscfGVhRPoqF0_12tcc_opet_lib8commands18checklist_commands25update_checklist_template
FN:44,_RNvNtNtCscfGVhRPoqF0_12tcc_opet_lib8commands18checklist_commands27get_service_order_checklist
FN:17,_RNvNtNtCscfGVhRPoqF0_12tcc_opet_lib8commands18checklist_commands28get_checklist_template_items
FN:36,_RNvNtNtCscfGVhRPoqF0_12tcc_opet_lib8commands18checklist_commands28save_service_order_checklist
FN:12,_RNvNtNtCs2xcy2wfoTh8_12tcc_opet_lib8commands18checklist_commands23get_checklist_templates
FN:7,_RNvNtNtCs2xcy2wfoTh8_12tcc_opet_lib8commands18checklist_commands25create_checklist_template
FN:22,_RNvNtNtCs2xcy2wfoTh8_12tcc_opet_lib8commands18checklist_commands25delete_checklist_template
FN:27,_RNvNtNtCs2xcy2wfoTh8_12tcc_opet_lib8commands18checklist_commands25update_checklist_template
FN:44,_RNvNtNtCs2xcy2wfoTh8_12tcc_opet_lib8commands18checklist_commands27get_service_order_checklist
FN:17,_RNvNtNtCs2xcy2wfoTh8_12tcc_opet_lib8commands18checklist_commands28get_checklist_template_items
FN:36,_RNvNtNtCs2xcy2wfoTh8_12tcc_opet_lib8commands18checklist_commands28save_service_order_checklist
FNDA:0,_RNvNtNtCscfGVhRPoqF0_12tcc_opet_lib8commands18checklist_commands23get_checklist_templates
FNDA:0,_RNvNtNtCscfGVhRPoqF0_12tcc_opet_lib8commands18checklist_commands25create_checklist_template
FNDA:0,_RNvNtNtCscfGVhRPoqF0_12tcc_opet_lib8commands18checklist_commands25delete_checklist_template
FNDA:0,_RNvNtNtCscfGVhRPoqF0_12tcc_opet_lib8commands18checklist_commands25update_checklist_template
FNDA:0,_RNvNtNtCscfGVhRPoqF0_12tcc_opet_lib8commands18checklist_commands27get_service_order_checklist
FNDA:0,_RNvNtNtCscfGVhRPoqF0_12tcc_opet_lib8commands18checklist_commands28get_checklist_template_items
FNDA:0,_RNvNtNtCscfGVhRPoqF0_12tcc_opet_lib8commands18checklist_commands28save_service_order_checklist
FNDA:0,_RNvNtNtCs2xcy2wfoTh8_12tcc_opet_lib8commands18checklist_commands23get_checklist_templates
FNDA:0,_RNvNtNtCs2xcy2wfoTh8_12tcc_opet_lib8commands18checklist_commands25create_checklist_template
FNDA:0,_RNvNtNtCs2xcy2wfoTh8_12tcc_opet_lib8commands18checklist_commands25delete_checklist_template
FNDA:0,_RNvNtNtCs2xcy2wfoTh8_12tcc_opet_lib8commands18checklist_commands25update_checklist_template
FNDA:1,_RNvNtNtCs2xcy2wfoTh8_12tcc_opet_lib8commands18checklist_commands27get_service_order_checklist
FNDA:0,_RNvNtNtCs2xcy2wfoTh8_12tcc_opet_lib8commands18checklist_commands28get_checklist_template_items
FNDA:1,_RNvNtNtCs2xcy2wfoTh8_12tcc_opet_lib8commands18checklist_commands28save_service_order_checklist
FNF:7
FNH:2
DA:7,0
DA:8,0
DA:9,0
DA:12,0
DA:13,0
DA:14,0
DA:17,0
DA:18,0
DA:19,0
DA:22,0
DA:23,0
DA:24,0
DA:27,0
DA:28,0
DA:29,0
DA:30,0
DA:31,0
DA:32,0
DA:33,0
DA:36,1
DA:37,1
DA:38,1
DA:39,1
DA:40,1
DA:41,1
DA:44,1
DA:45,1
DA:46,1
BRF:0
BRH:0
LF:28
LH:9
end_of_record
SF:/mnt/gustavo/tcc/tcc-opet/src-tauri/src/commands/customer_commands.rs
FN:23,_RNvNtNtCscfGVhRPoqF0_12tcc_opet_lib8commands17customer_commands12get_customer
FN:28,_RNvNtNtCscfGVhRPoqF0_12tcc_opet_lib8commands17customer_commands13get_customers
FN:11,_RNvNtNtCscfGVhRPoqF0_12tcc_opet_lib8commands17customer_commands15create_customer
FN:51,_RNvNtNtCscfGVhRPoqF0_12tcc_opet_lib8commands17customer_commands15delete_customer
FN:33,_RNvNtNtCscfGVhRPoqF0_12tcc_opet_lib8commands17customer_commands15update_customer
FN:6,_RNvNtNtCscfGVhRPoqF0_12tcc_opet_lib8commands17customer_commands25require_existing_customer
FN:7,_RNCNvNtNtCscfGVhRPoqF0_12tcc_opet_lib8commands17customer_commands25require_existing_customer0B7_
FN:23,_RNvNtNtCs2xcy2wfoTh8_12tcc_opet_lib8commands17customer_commands12get_customer
FN:28,_RNvNtNtCs2xcy2wfoTh8_12tcc_opet_lib8commands17customer_commands13get_customers
FN:11,_RNvNtNtCs2xcy2wfoTh8_12tcc_opet_lib8commands17customer_commands15create_customer
FN:51,_RNvNtNtCs2xcy2wfoTh8_12tcc_opet_lib8commands17customer_commands15delete_customer
FN:33,_RNvNtNtCs2xcy2wfoTh8_12tcc_opet_lib8commands17customer_commands15update_customer
FN:6,_RNvNtNtCs2xcy2wfoTh8_12tcc_opet_lib8commands17customer_commands25require_existing_customer
FN:60,_RNvNtNtNtCs2xcy2wfoTh8_12tcc_opet_lib8commands17customer_commands5testss_49require_existing_customer_returns_not_found_error
FN:7,_RNCNvNtNtCs2xcy2wfoTh8_12tcc_opet_lib8commands17customer_commands25require_existing_customer0B7_
FNDA:0,_RNvNtNtCscfGVhRPoqF0_12tcc_opet_lib8commands17customer_commands12get_customer
FNDA:0,_RNvNtNtCscfGVhRPoqF0_12tcc_opet_lib8commands17customer_commands13get_customers
FNDA:0,_RNvNtNtCscfGVhRPoqF0_12tcc_opet_lib8commands17customer_commands15create_customer
FNDA:0,_RNvNtNtCscfGVhRPoqF0_12tcc_opet_lib8commands17customer_commands15delete_customer
FNDA:0,_RNvNtNtCscfGVhRPoqF0_12tcc_opet_lib8commands17customer_commands15update_customer
[...]
FN:538,_RNCNvNtCs2xcy2wfoTh8_12tcc_opet_lib5seeds19seed_service_orderssa_0B5_
FN:565,_RNCNvNtCs2xcy2wfoTh8_12tcc_opet_lib5seeds19seed_service_orderssb_0B5_
FN:573,_RNCNvNtCs2xcy2wfoTh8_12tcc_opet_lib5seeds19seed_service_orderssc_0B5_
FN:582,_RNCNvNtCs2xcy2wfoTh8_12tcc_opet_lib5seeds19seed_service_orderssd_0B5_
FN:584,_RNCNvNtCs2xcy2wfoTh8_12tcc_opet_lib5seeds19seed_service_ordersse_0B5_
FN:585,_RNCNvNtCs2xcy2wfoTh8_12tcc_opet_lib5seeds19seed_service_orderssf_0B5_
FN:587,_RNCNvNtCs2xcy2wfoTh8_12tcc_opet_lib5seeds19seed_service_orderssg_0B5_
FN:643,_RNCNvNtCs2xcy2wfoTh8_12tcc_opet_lib5seeds19seed_service_orderssh_0B5_
FN:814,_RNCNvNtCs2xcy2wfoTh8_12tcc_opet_lib5seeds24seed_checklist_templates0B5_
FN:823,_RNCNvNtCs2xcy2wfoTh8_12tcc_opet_lib5seeds24seed_checklist_templatess_0B5_
FN:684,_RNCNvNtCs2xcy2wfoTh8_12tcc_opet_lib5seeds24seed_financial_snapshots0B5_
FN:722,_RNCNvNtCs2xcy2wfoTh8_12tcc_opet_lib5seeds24seed_financial_snapshotss0_0B5_
FN:700,_RNCNvNtCs2xcy2wfoTh8_12tcc_opet_lib5seeds24seed_financial_snapshotss_0B5_
FN:10,_RNCNvNtCs2xcy2wfoTh8_12tcc_opet_lib5seeds30initialize_seed_data_with_conn0B5_
FN:36,_RNCNvNtCs2xcy2wfoTh8_12tcc_opet_lib5seeds30initialize_seed_data_with_conns0_0B5_
FN:49,_RNCNvNtCs2xcy2wfoTh8_12tcc_opet_lib5seeds30initialize_seed_data_with_conns1_0B5_
FN:58,_RNCNvNtCs2xcy2wfoTh8_12tcc_opet_lib5seeds30initialize_seed_data_with_conns2_0B5_
FN:77,_RNCNvNtCs2xcy2wfoTh8_12tcc_opet_lib5seeds30initialize_seed_data_with_conns3_0B5_
FN:23,_RNCNvNtCs2xcy2wfoTh8_12tcc_opet_lib5seeds30initialize_seed_data_with_conns_0B5_
FN:836,_RNvNtNtCs2xcy2wfoTh8_12tcc_opet_lib5seeds5testss_46seed_routines_populate_a_complete_demo_dataset
FN:844,_RNCNvNtNtCs2xcy2wfoTh8_12tcc_opet_lib5seeds5testss_46seed_routines_populate_a_complete_demo_dataset0B7_
FN:850,_RNCNvNtNtCs2xcy2wfoTh8_12tcc_opet_lib5seeds5testss_46seed_routines_populate_a_complete_demo_datasets0_0B7_
FN:856,_RNCNvNtNtCs2xcy2wfoTh8_12tcc_opet_lib5seeds5testss_46seed_routines_populate_a_complete_demo_datasets1_0B7_
FN:860,_RNCNvNtNtCs2xcy2wfoTh8_12tcc_opet_lib5seeds5testss_46seed_routines_populate_a_complete_demo_datasets2_0B7_
FN:865,_RNCNvNtNtCs2xcy2wfoTh8_12tcc_opet_lib5seeds5testss_46seed_routines_populate_a_complete_demo_datasets3_0B7_
FN:870,_RNCNvNtNtCs2xcy2wfoTh8_12tcc_opet_lib5seeds5testss_46seed_routines_populate_a_complete_demo_datasets4_0B7_
FN:875,_RNCNvNtNtCs2xcy2wfoTh8_12tcc_opet_lib5seeds5testss_46seed_routines_populate_a_complete_demo_datasets5_0B7_
FN:878,_RNCNvNtNtCs2xcy2wfoTh8_12tcc_opet_lib5seeds5testss_46seed_routines_populate_a_complete_demo_datasets6_0B7_
FN:896,_RNCNvNtNtCs2xcy2wfoTh8_12tcc_opet_lib5seeds5testss_46seed_routines_populate_a_complete_demo_datasets7_0B7_
FN:847,_RNCNvNtNtCs2xcy2wfoTh8_12tcc_opet_lib5seeds5testss_46seed_routines_populate_a_complete_demo_datasets_0B7_
FNDA:0,_RNCNvNtCscfGVhRPoqF0_12tcc_opet_lib5seeds10seed_users0B5_
FNDA:0,_RNCNvNtCscfGVhRPoqF0_12tcc_opet_lib5seeds14seed_customers0B5_
FNDA:0,_RNCNvNtCscfGVhRPoqF0_12tcc_opet_lib5seeds14seed_inventory0B5_
FNDA:0,_RNCNvNtCscfGVhRPoqF0_12tcc_opet_lib5seeds14seed_inventorys_0B5_
FNDA:0,_RNCNvNtCscfGVhRPoqF0_12tcc_opet_lib5seeds19seed_service_orders0B5_
FNDA:0,_RNCNvNtCscfGVhRPoqF0_12tcc_opet_lib5seeds19seed_service_orderss0_0B5_
FNDA:0,_RNCNvNtCscfGVhRPoqF0_12tcc_opet_lib5seeds19seed_service_orderss1_0B5_
FNDA:0,_RNCNvNtCscfGVhRPoqF0_12tcc_opet_lib5seeds19seed_service_orderss2_0B5_
FNDA:0,_RNCNvNtCscfGVhRPoqF0_12tcc_opet_lib5seeds19seed_service_orderss3_0B5_
FNDA:0,_RNCNvNtCscfGVhRPoqF0_12tcc_opet_lib5seeds19seed_service_orderss4_0B5_
FNDA:0,_RNCNvNtCscfGVhRPoqF0_12tcc_opet_lib5seeds19seed_service_orderss5_0B5_
FNDA:0,_RNCNvNtCscfGVhRPoqF0_12tcc_opet_lib5seeds19seed_service_orderss6_0B5_
FNDA:0,_RNCNvNtCscfGVhRPoqF0_12tcc_opet_lib5seeds19seed_service_orderss7_0B5_
FNDA:0,_RNCNvNtCscfGVhRPoqF0_12tcc_opet_lib5seeds19seed_service_orderss8_0B5_
FNDA:0,_RNCNvNtCscfGVhRPoqF0_12tcc_opet_lib5seeds19seed_service_orderss9_0B5_
FNDA:0,_RNCNvNtCscfGVhRPoqF0_12tcc_opet_lib5seeds19seed_service_orderss_0B5_
FNDA:0,_RNCNvNtCscfGVhRPoqF0_12tcc_opet_lib5seeds19seed_service_orderssa_0B5_
FNDA:0,_RNCNvNtCscfGVhRPoqF0_12tcc_opet_lib5seeds19seed_service_orderssb_0B5_
FNDA:0,_RNCNvNtCscfGVhRPoqF0_12tcc_opet_lib5seeds19seed_service_orderssc_0B5_
FNDA:0,_RNCNvNtCscfGVhRPoqF0_12tcc_opet_lib5seeds19seed_service_orderssd_0B5_
FNDA:0,_RNCNvNtCscfGVhRPoqF0_12tcc_opet_lib5seeds19seed_service_ordersse_0B5_
FNDA:0,_RNCNvNtCscfGVhRPoqF0_12tcc_opet_lib5seeds19seed_service_orderssf_0B5_
FNDA:0,_RNCNvNtCscfGVhRPoqF0_12tcc_opet_lib5seeds19seed_service_orderssg_0B5_
FNDA:0,_RNCNvNtCscfGVhRPoqF0_12tcc_opet_lib5seeds19seed_service_orderssh_0B5_
FNDA:0,_RNCNvNtCscfGVhRPoqF0_12tcc_opet_lib5seeds24seed_checklist_templates0B5_
FNDA:0,_RNCNvNtCscfGVhRPoqF0_12tcc_opet_lib5seeds24seed_checklist_templatess_0B5_
FNDA:0,_RNCNvNtCscfGVhRPoqF0_12tcc_opet_lib5seeds24seed_financial_snapshots0B5_
FNDA:0,_RNCNvNtCscfGVhRPoqF0_12tcc_opet_lib5seeds24seed_financial_snapshotss0_0B5_
FNDA:0,_RNCNvNtCscfGVhRPoqF0_12tcc_opet_lib5seeds24seed_financial_snapshotss_0B5_
FNDA:0,_RNCNvNtCscfGVhRPoqF0_12tcc_opet_lib5seeds30initialize_seed_data_with_conn0B5_
FNDA:0,_RNCNvNtCscfGVhRPoqF0_12tcc_opet_lib5seeds30initialize_seed_data_with_conns0_0B5_
FNDA:0,_RNCNvNtCscfGVhRPoqF0_12tcc_opet_lib5seeds30initialize_seed_data_with_conns1_0B5_
FNDA:0,_RNCNvNtCscfGVhRPoqF0_12tcc_opet_lib5seeds30initialize_seed_data_with_conns2_0B5_
FNDA:0,_RNCNvNtCscfGVhRPoqF0_12tcc_opet_lib5seeds30initialize_seed_data_with_conns3_0B5_
FNDA:0,_RNCNvNtCscfGVhRPoqF0_12tcc_opet_lib5seeds30initialize_seed_data_with_conns_0B5_
FNDA:0,_RNvNtCscfGVhRPoqF0_12tcc_opet_lib5seeds10seed_users
FNDA:0,_RNvNtCscfGVhRPoqF0_12tcc_opet_lib5seeds14seed_customers
FNDA:0,_RNvNtCscfGVhRPoqF0_12tcc_opet_lib5seeds14seed_inventory
FNDA:0,_RNvNtCscfGVhRPoqF0_12tcc_opet_lib5seeds19seed_service_orders
FNDA:0,_RNvNtCscfGVhRPoqF0_12tcc_opet_lib5seeds24seed_checklist_templates
FNDA:0,_RNvNtCscfGVhRPoqF0_12tcc_opet_lib5seeds24seed_financial_snapshots
FNDA:0,_RNvNtCscfGVhRPoqF0_12tcc_opet_lib5seeds30initialize_seed_data_with_conn
FNDA:2,_RNvNtCs2xcy2wfoTh8_12tcc_opet_lib5seeds10seed_users
FNDA:2,_RNvNtCs2xcy2wfoTh8_12tcc_opet_lib5seeds14seed_customers
FNDA:2,_RNvNtCs2xcy2wfoTh8_12tcc_opet_lib5seeds14seed_inventory
FNDA:2,_RNvNtCs2xcy2wfoTh8_12tcc_opet_lib5seeds19seed_service_orders
FNDA:2,_RNvNtCs2xcy2wfoTh8_12tcc_opet_lib5seeds24seed_checklist_templates
FNDA:1,_RNvNtCs2xcy2wfoTh8_12tcc_opet_lib5seeds24seed_financial_snapshots
FNDA:4,_RNvNtCs2xcy2wfoTh8_12tcc_opet_lib5seeds30initialize_seed_data_with_conn
FNDA:0,_RNCNvNtCs2xcy2wfoTh8_12tcc_opet_lib5seeds10seed_users0B5_
FNDA:0,_RNCNvNtCs2xcy2wfoTh8_12tcc_opet_lib5seeds14seed_customers0B5_
FNDA:0,_RNCNvNtCs2xcy2wfoTh8_12tcc_opet_lib5seeds14seed_inventory0B5_
FNDA:0,_RNCNvNtCs2xcy2wfoTh8_12tcc_opet_lib5seeds14seed_inventorys_0B5_
FNDA:0,_RNCNvNtCs2xcy2wfoTh8_12tcc_opet_lib5seeds19seed_service_orders0B5_
FNDA:0,_RNCNvNtCs2xcy2wfoTh8_12tcc_opet_lib5seeds19seed_service_orderss0_0B5_
FNDA:0,_RNCNvNtCs2xcy2wfoTh8_12tcc_opet_lib5seeds19seed_service_orderss1_0B5_
FNDA:0,_RNCNvNtCs2xcy2wfoTh8_12tcc_opet_lib5seeds19seed_service_orderss2_0B5_
FNDA:6,_RNCNvNtCs2xcy2wfoTh8_12tcc_opet_lib5seeds19seed_service_orderss3_0B5_
FNDA:0,_RNCNvNtCs2xcy2wfoTh8_12tcc_opet_lib5seeds19seed_service_orderss4_0B5_
FNDA:0,_RNCNvNtCs2xcy2wfoTh8_12tcc_opet_lib5seeds19seed_service_orderss5_0B5_
FNDA:0,_RNCNvNtCs2xcy2wfoTh8_12tcc_opet_lib5seeds19seed_service_orderss6_0B5_
FNDA:30,_RNCNvNtCs2xcy2wfoTh8_12tcc_opet_lib5seeds19seed_service_orderss7_0B5_
FNDA:0,_RNCNvNtCs2xcy2wfoTh8_12tcc_opet_lib5seeds19seed_service_orderss8_0B5_
FNDA:0,_RNCNvNtCs2xcy2wfoTh8_12tcc_opet_lib5seeds19seed_service_orderss9_0B5_
FNDA:20,_RNCNvNtCs2xcy2wfoTh8_12tcc_opet_lib5seeds19seed_service_orderss_0B5_
FNDA:0,_RNCNvNtCs2xcy2wfoTh8_12tcc_opet_lib5seeds19seed_service_orderssa_0B5_
FNDA:0,_RNCNvNtCs2xcy2wfoTh8_12tcc_opet_lib5seeds19seed_service_orderssb_0B5_
FNDA:0,_RNCNvNtCs2xcy2wfoTh8_12tcc_opet_lib5seeds19seed_service_orderssc_0B5_
FNDA:0,_RNCNvNtCs2xcy2wfoTh8_12tcc_opet_lib5seeds19seed_service_orderssd_0B5_
FNDA:12,_RNCNvNtCs2xcy2wfoTh8_12tcc_opet_lib5seeds19seed_service_ordersse_0B5_
FNDA:0,_RNCNvNtCs2xcy2wfoTh8_12tcc_opet_lib5seeds19seed_service_orderssf_0B5_
FNDA:0,_RNCNvNtCs2xcy2wfoTh8_12tcc_opet_lib5seeds19seed_service_orderssg_0B5_
FNDA:0,_RNCNvNtCs2xcy2wfoTh8_12tcc_opet_lib5seeds19seed_service_orderssh_0B5_
FNDA:0,_RNCNvNtCs2xcy2wfoTh8_12tcc_opet_lib5seeds24seed_checklist_templates0B5_
FNDA:0,_RNCNvNtCs2xcy2wfoTh8_12tcc_opet_lib5seeds24seed_checklist_templatess_0B5_
FNDA:30,_RNCNvNtCs2xcy2wfoTh8_12tcc_opet_lib5seeds24seed_financial_snapshots0B5_
FNDA:0,_RNCNvNtCs2xcy2wfoTh8_12tcc_opet_lib5seeds24seed_financial_snapshotss0_0B5_
FNDA:30,_RNCNvNtCs2xcy2wfoTh8_12tcc_opet_lib5seeds24seed_financial_snapshotss_0B5_
FNDA:4,_RNCNvNtCs2xcy2wfoTh8_12tcc_opet_lib5seeds30initialize_seed_data_with_conn0B5_
FNDA:4,_RNCNvNtCs2xcy2wfoTh8_12tcc_opet_lib5seeds30initialize_seed_data_with_conns0_0B5_
FNDA:4,_RNCNvNtCs2xcy2wfoTh8_12tcc_opet_lib5seeds30initialize_seed_data_with_conns1_0B5_
FNDA:2,_RNCNvNtCs2xcy2wfoTh8_12tcc_opet_lib5seeds30initialize_seed_data_with_conns2_0B5_
FNDA:4,_RNCNvNtCs2xcy2wfoTh8_12tcc_opet_lib5seeds30initialize_seed_data_with_conns3_0B5_
FNDA:4,_RNCNvNtCs2xcy2wfoTh8_12tcc_opet_lib5seeds30initialize_seed_data_with_conns_0B5_
FNDA:1,_RNvNtNtCs2xcy2wfoTh8_12tcc_opet_lib5seeds5testss_46seed_routines_populate_a_complete_demo_dataset
FNDA:1,_RNCNvNtNtCs2xcy2wfoTh8_12tcc_opet_lib5seeds5testss_46seed_routines_populate_a_complete_demo_dataset0B7_
FNDA:1,_RNCNvNtNtCs2xcy2wfoTh8_12tcc_opet_lib5seeds5testss_46seed_routines_populate_a_complete_demo_datasets0_0B7_
FNDA:1,_RNCNvNtNtCs2xcy2wfoTh8_12tcc_opet_lib5seeds5testss_46seed_routines_populate_a_complete_demo_datasets1_0B7_
FNDA:1,_RNCNvNtNtCs2xcy2wfoTh8_12tcc_opet_lib5seeds5testss_46seed_routines_populate_a_complete_demo_datasets2_0B7_
FNDA:1,_RNCNvNtNtCs2xcy2wfoTh8_12tcc_opet_lib5seeds5testss_46seed_routines_populate_a_complete_demo_datasets3_0B7_
FNDA:1,_RNCNvNtNtCs2xcy2wfoTh8_12tcc_opet_lib5seeds5testss_46seed_routines_populate_a_complete_demo_datasets4_0B7_
FNDA:1,_RNCNvNtNtCs2xcy2wfoTh8_12tcc_opet_lib5seeds5testss_46seed_routines_populate_a_complete_demo_datasets5_0B7_
FNDA:1,_RNCNvNtNtCs2xcy2wfoTh8_12tcc_opet_lib5seeds5testss_46seed_routines_populate_a_complete_demo_datasets6_0B7_
FNDA:1,_RNCNvNtNtCs2xcy2wfoTh8_12tcc_opet_lib5seeds5testss_46seed_routines_populate_a_complete_demo_datasets7_0B7_
FNDA:1,_RNCNvNtNtCs2xcy2wfoTh8_12tcc_opet_lib5seeds5testss_46seed_routines_populate_a_complete_demo_datasets_0B7_
FNF:53
FNH:30
DA:5,4
DA:6,4
DA:9,4
DA:10,4
DA:11,4
DA:12,4
DA:13,4
DA:14,2
DA:15,2
DA:16,2
DA:17,2
DA:18,2
DA:19,2
DA:22,4
DA:23,4
DA:24,4
DA:25,4
DA:26,4
DA:27,2
DA:28,2
DA:29,2
DA:30,2
DA:31,2
DA:32,2
DA:35,4
DA:36,4
DA:37,4
DA:38,4
DA:39,4
DA:40,2
DA:41,2
DA:42,2
DA:43,2
DA:44,2
DA:45,2
DA:48,4
DA:49,4
DA:50,4
DA:51,4
DA:52,4
DA:53,2
DA:54,2
DA:57,2
DA:58,2
DA:59,2
DA:60,2
DA:61,2
DA:62,2
DA:63,2
DA:64,0
DA:65,0
DA:66,2
DA:67,2
DA:68,2
DA:70,2
DA:71,2
DA:72,2
DA:73,2
DA:76,4
DA:77,4
DA:78,4
DA:79,4
DA:80,4
DA:81,4
DA:82,4
DA:83,2
DA:84,2
DA:85,2
DA:86,2
DA:87,2
DA:88,2
DA:90,4
DA:91,4
DA:92,4
DA:94,2
DA:95,2
DA:96,2
DA:97,2
DA:98,2
DA:101,2
DA:103,6
DA:104,6
DA:105,6
DA:106,6
DA:107,6
DA:109,6
DA:112,2
DA:113,2
DA:115,2
DA:116,2
DA:117,2
DA:118,2
DA:119,2
DA:120,2
DA:121,2
DA:122,2
DA:123,2
DA:124,2
DA:125,2
DA:126,2
DA:127,2
DA:128,2
DA:129,2
DA:130,2
DA:131,2
DA:132,2
DA:133,2
DA:134,2
DA:135,2
DA:136,2
DA:137,2
DA:138,2
DA:139,2
DA:140,2
DA:141,2
DA:142,2
DA:143,2
DA:144,2
DA:145,2
DA:146,2
DA:147,2
DA:148,2
DA:149,2
DA:150,2
DA:151,2
DA:152,2
DA:153,2
DA:154,2
DA:155,2
DA:156,2
DA:157,2
DA:158,2
DA:159,2
DA:160,2
DA:161,2
DA:162,2
DA:163,2
DA:164,2
DA:165,2
DA:166,2
DA:167,2
DA:168,2
DA:169,2
DA:170,2
DA:171,2
DA:172,2
DA:173,2
DA:174,2
DA:175,2
DA:176,2
DA:179,2
DA:181,20
DA:182,20
DA:183,20
DA:184,20
DA:185,20
DA:187,20
DA:190,2
DA:191,2
DA:193,2
DA:194,2
DA:197,2
DA:198,2
DA:199,2
DA:200,2
DA:201,2
DA:202,2
DA:203,2
DA:204,2
DA:205,2
DA:206,2
DA:207,2
DA:208,2
DA:209,2
DA:210,2
DA:211,2
DA:212,2
DA:213,2
DA:214,2
DA:215,2
DA:216,2
DA:217,2
DA:218,2
DA:219,2
DA:220,2
DA:221,2
DA:222,2
DA:223,2
DA:224,2
DA:225,2
DA:226,2
DA:227,2
DA:228,2
DA:229,2
DA:230,2
DA:231,2
DA:232,2
DA:233,2
DA:234,2
DA:235,2
DA:236,2
DA:237,2
DA:238,2
DA:239,2
DA:240,2
DA:241,2
DA:242,2
DA:243,2
DA:244,2
DA:245,2
DA:246,2
DA:247,2
DA:248,2
DA:249,2
DA:250,2
DA:251,2
DA:252,2
DA:253,2
DA:254,2
DA:255,2
DA:256,2
DA:257,2
DA:258,2
DA:259,2
DA:260,2
DA:261,2
DA:262,2
DA:263,2
DA:264,2
DA:265,2
DA:266,2
DA:267,2
DA:268,2
DA:269,2
DA:270,2
DA:271,2
DA:272,2
DA:273,2
DA:274,2
DA:275,2
DA:276,2
DA:277,2
DA:278,2
DA:279,2
DA:282,20
DA:283,20
DA:284,20
DA:285,20
DA:286,20
DA:287,20
DA:298,20
DA:302,2
DA:303,2
DA:304,2
DA:305,2
DA:306,2
DA:307,2
DA:308,2
DA:309,2
DA:310,2
DA:311,2
DA:312,2
DA:313,2
DA:314,2
DA:315,2
DA:316,2
DA:317,2
DA:318,2
DA:319,2
DA:320,2
DA:321,2
DA:322,2
DA:323,2
DA:324,2
DA:325,2
DA:326,2
DA:327,2
DA:328,2
DA:329,2
DA:330,2
DA:331,2
DA:332,2
DA:333,2
DA:334,2
DA:335,2
DA:336,2
DA:337,2
DA:338,2
DA:339,2
DA:340,2
DA:341,2
DA:342,2
DA:343,2
DA:344,2
DA:345,2
DA:346,2
DA:347,2
DA:350,10
DA:351,10
DA:352,10
DA:353,10
DA:354,10
DA:355,10
DA:366,10
DA:369,2
DA:370,2
DA:372,2
DA:373,2
DA:376,2
DA:377,2
DA:378,2
DA:379,2
DA:380,2
DA:381,20
DA:382,2
DA:383,2
DA:384,2
DA:385,2
DA:387,2
DA:390,2
DA:391,2
DA:392,2
DA:393,2
DA:394,2
DA:395,6
DA:396,2
DA:397,2
DA:398,2
DA:399,2
DA:401,2
DA:402,2
DA:403,2
DA:404,2
DA:406,2
DA:407,2
DA:408,30
DA:410,30
DA:411,30
DA:412,30
DA:413,30
DA:414,30
DA:416,30
DA:417,2
DA:418,2
DA:419,2
DA:420,2
DA:422,2
DA:425,2
DA:427,2
DA:428,2
DA:429,2
DA:430,2
DA:431,2
DA:432,2
DA:433,2
DA:434,2
DA:435,2
DA:438,2
DA:439,2
DA:440,2
DA:441,2
DA:442,2
DA:443,2
DA:444,2
DA:445,2
DA:446,2
DA:447,2
DA:448,2
DA:449,2
DA:450,2
DA:451,2
DA:452,2
DA:453,2
DA:454,2
DA:455,2
DA:456,2
DA:457,2
DA:458,2
DA:459,2
DA:460,2
DA:461,2
DA:462,2
DA:463,2
DA:464,2
DA:465,2
DA:466,2
DA:469,2
DA:470,2
DA:471,2
DA:472,2
DA:473,2
DA:474,2
DA:475,2
DA:476,2
DA:477,2
DA:478,2
DA:480,2
DA:482,2
DA:484,2
DA:487,56
DA:488,56
DA:490,56
DA:491,56
DA:494,56
DA:495,56
DA:496,56
DA:497,56
DA:500,56
DA:501,56
DA:503,56
DA:504,24
DA:506,32
DA:509,56
DA:510,56
DA:511,50
DA:512,44
DA:514,18
DA:516,38
DA:520,56
DA:521,56
DA:522,56
DA:523,56
DA:538,56
DA:541,56
DA:542,56
DA:544,166
DA:545,166
DA:546,166
DA:548,166
DA:549,166
DA:551,166
DA:552,166
DA:553,166
DA:554,166
DA:555,166
DA:565,166
DA:569,56
DA:570,56
DA:571,56
DA:573,56
DA:576,2
DA:580,2
DA:581,2
DA:582,2
DA:583,2
DA:584,12
DA:585,2
DA:586,2
DA:587,2
DA:590,2
DA:591,2
DA:592,2
DA:593,2
DA:594,2
DA:595,2
DA:596,2
DA:597,2
DA:598,2
DA:601,2
DA:602,2
DA:603,2
DA:604,2
DA:605,2
DA:606,2
DA:607,2
DA:608,2
DA:609,2
DA:612,2
DA:613,2
DA:614,2
DA:615,2
DA:616,2
DA:617,2
DA:618,2
DA:619,2
DA:622,12
DA:623,12
DA:624,10
DA:625,8
DA:626,6
DA:628,6
DA:629,6
DA:630,2
DA:631,4
DA:632,2
DA:634,2
DA:637,94
DA:638,94
DA:639,94
DA:640,94
DA:641,94
DA:643,94
DA:647,2
DA:648,2
DA:649,2
DA:651,1
DA:652,1
DA:653,1
DA:656,30
DA:657,30
DA:661,30
DA:662,30
DA:663,30
DA:666,30
DA:667,30
DA:668,30
DA:669,30
DA:670,30
DA:671,30
DA:672,30
DA:673,30
DA:674,30
DA:675,30
DA:676,30
DA:678,30
DA:683,30
DA:684,30
DA:685,30
DA:686,30
DA:687,30
DA:689,30
DA:691,30
DA:693,30
DA:694,30
DA:695,30
DA:696,30
DA:697,30
DA:698,30
DA:699,30
DA:700,30
DA:702,30
DA:704,30
DA:709,30
DA:710,30
DA:711,30
DA:712,30
DA:713,30
DA:722,30
DA:724,30
DA:730,1
DA:731,1
DA:732,1
DA:734,2
DA:735,2
DA:737,2
DA:738,2
DA:739,2
DA:740,2
DA:741,2
DA:742,2
DA:743,2
DA:744,2
DA:745,2
DA:746,2
DA:747,2
DA:748,2
DA:749,2
DA:750,2
DA:751,2
DA:752,2
DA:753,2
DA:754,2
DA:755,2
DA:756,2
DA:757,2
DA:758,2
DA:759,2
DA:760,2
DA:761,2
DA:762,2
DA:763,2
DA:764,2
DA:765,2
DA:766,2
DA:767,2
DA:768,2
DA:769,2
DA:770,2
DA:771,2
DA:772,2
DA:773,2
DA:774,2
DA:775,2
DA:776,2
DA:777,2
DA:778,2
DA:779,2
DA:780,2
DA:781,2
DA:782,2
DA:783,2
DA:784,2
DA:785,2
DA:786,2
DA:787,2
DA:788,2
DA:789,2
DA:790,2
DA:791,2
DA:792,2
DA:793,2
DA:794,2
DA:795,2
DA:796,2
DA:797,2
DA:798,2
DA:799,2
DA:800,2
DA:801,2
DA:802,2
DA:805,10
DA:806,10
DA:809,10
DA:810,10
DA:811,10
DA:812,10
DA:814,10
DA:817,80
DA:818,80
DA:819,80
DA:820,80
DA:821,80
DA:823,80
DA:827,2
DA:828,2
DA:836,1
DA:837,1
DA:839,1
DA:841,1
DA:843,1
DA:844,1
DA:845,1
DA:846,1
DA:847,1
DA:848,1
DA:849,1
DA:850,1
DA:851,1
DA:852,1
DA:853,1
DA:854,1
DA:855,1
DA:856,1
DA:858,1
DA:859,1
DA:860,1
DA:861,1
DA:862,1
DA:863,1
DA:864,1
DA:865,1
DA:866,1
DA:867,1
DA:868,1
DA:869,1
DA:870,1
DA:871,1
DA:872,1
DA:873,1
DA:874,1
DA:875,1
DA:876,1
DA:877,1
DA:878,1
DA:879,1
DA:880,1
DA:881,1
DA:883,1
DA:884,1
DA:885,1
DA:886,1
DA:887,1
DA:888,1
DA:889,1
DA:890,1
DA:891,1
DA:893,1
DA:894,1
DA:895,1
DA:896,1
DA:897,1
DA:898,1
DA:901,1
BRF:0
BRH:0
LF:726
LH:701
end_of_record
SF:/mnt/gustavo/tcc/tcc-opet/src-tauri/src/test_helpers.rs
FN:31,_RNvMNtCs2xcy2wfoTh8_12tcc_opet_lib12test_helpersNtB2_17GlobalTestBackend13database_path
FN:35,_RNvMNtCs2xcy2wfoTh8_12tcc_opet_lib12test_helpersNtB2_17GlobalTestBackend15attachments_dir
FN:39,_RNvMNtCs2xcy2wfoTh8_12tcc_opet_lib12test_helpersNtB2_17GlobalTestBackend9temp_file
FN:50,_RNvMNtCs2xcy2wfoTh8_12tcc_opet_lib12test_helpersNtB2_17GlobalTestBackend9temp_path
FN:88,_RNvMs_NtCs2xcy2wfoTh8_12tcc_opet_lib12test_helpersNtB4_11TestStorage3new
FN:99,_RNvMs_NtCs2xcy2wfoTh8_12tcc_opet_lib12test_helpersNtB4_11TestStorage4open
FN:134,_RNvNtCs2xcy2wfoTh8_12tcc_opet_lib12test_helpers16create_temp_file
FN:58,_RNvNtCs2xcy2wfoTh8_12tcc_opet_lib12test_helpers20setup_global_backend
FN:113,_RNvNtCs2xcy2wfoTh8_12tcc_opet_lib12test_helpers21setup_legacy_users_db
FN:105,_RNvNtCs2xcy2wfoTh8_12tcc_opet_lib12test_helpers8setup_db
FN:8,_RNCNvNtCs2xcy2wfoTh8_12tcc_opet_lib12test_helpers19GLOBAL_BACKEND_LOCK0B5_
FN:15,_RNCNvNtCs2xcy2wfoTh8_12tcc_opet_lib12test_helpers19GLOBAL_TEST_STORAGE0B5_
FN:61,_RNCNvNtCs2xcy2wfoTh8_12tcc_opet_lib12test_helpers20setup_global_backend0B5_
FNDA:9,_RNvMNtCs2xcy2wfoTh8_12tcc_opet_lib12test_helpersNtB2_17GlobalTestBackend13database_path
FNDA:8,_RNvMNtCs2xcy2wfoTh8_12tcc_opet_lib12test_helpersNtB2_17GlobalTestBackend15attachments_dir
FNDA:10,_RNvMNtCs2xcy2wfoTh8_12tcc_opet_lib12test_helpersNtB2_17GlobalTestBackend9temp_file
FNDA:2,_RNvMNtCs2xcy2wfoTh8_12tcc_opet_lib12test_helpersNtB2_17GlobalTestBackend9temp_path
FNDA:4,_RNvMs_NtCs2xcy2wfoTh8_12tcc_opet_lib12test_helpersNtB4_11TestStorage3new
FNDA:7,_RNvMs_NtCs2xcy2wfoTh8_12tcc_opet_lib12test_helpersNtB4_11TestStorage4open
FNDA:2,_RNvNtCs2xcy2wfoTh8_12tcc_opet_lib12test_helpers16create_temp_file
FNDA:14,_RNvNtCs2xcy2wfoTh8_12tcc_opet_lib12test_helpers20setup_global_backend
FNDA:1,_RNvNtCs2xcy2wfoTh8_12tcc_opet_lib12test_helpers21setup_legacy_users_db
FNDA:65,_RNvNtCs2xcy2wfoTh8_12tcc_opet_lib12test_helpers8setup_db
FNDA:1,_RNCNvNtCs2xcy2wfoTh8_12tcc_opet_lib12test_helpers19GLOBAL_BACKEND_LOCK0B5_
FNDA:1,_RNCNvNtCs2xcy2wfoTh8_12tcc_opet_lib12test_helpers19GLOBAL_TEST_STORAGE0B5_
FNDA:0,_RNCNvNtCs2xcy2wfoTh8_12tcc_opet_lib12test_helpers20setup_global_backend0B5_
FNF:13
FNH:12
DA:8,1
DA:15,1
DA:16,1
DA:17,1
DA:18,1
DA:19,1
DA:20,1
DA:21,1
DA:22,1
DA:23,1
DA:24,1
DA:31,9
DA:32,9
DA:33,9
DA:35,8
DA:36,8
DA:37,8
DA:39,10
DA:40,10
DA:43,10
DA:46,10
DA:47,10
DA:48,10
DA:50,2
DA:51,2
DA:52,2
DA:53,2
DA:54,2
DA:55,2
DA:58,14
DA:59,14
DA:60,14
DA:61,14
DA:62,14
DA:64,14
DA:65,14
DA:66,14
DA:67,14
DA:69,14
DA:70,14
DA:71,6
DA:72,8
DA:73,14
DA:74,14
DA:75,14
DA:76,14
DA:77,14
DA:79,14
DA:80,14
DA:88,4
DA:89,4
DA:90,4
DA:91,4
DA:92,4
DA:93,4
DA:94,4
DA:95,4
DA:96,4
DA:97,4
DA:99,7
DA:100,7
DA:101,7
DA:102,7
DA:105,65
DA:106,65
DA:107,65
DA:108,65
DA:109,65
DA:110,65
DA:111,65
DA:113,1
DA:114,1
DA:115,1
DA:116,1
DA:117,1
DA:118,1
DA:119,1
DA:120,1
DA:121,1
DA:122,1
DA:123,1
DA:124,1
DA:125,1
DA:126,1
DA:127,1
DA:128,1
DA:130,1
DA:131,1
DA:132,1
DA:134,2
DA:135,2
DA:136,2
DA:137,2
DA:138,2
DA:139,2
DA:140,2
DA:141,2
DA:142,2
DA:143,2
BRF:0
BRH:0
LF:100
LH:99
end_of_record